<?xml version="1.0" encoding="UTF-8"?>
<testsuite xmlns:xsi="http://www.w3.org/2001/XMLSchema-instance" xsi:noNamespaceSchemaLocation="https://maven.apache.org/surefire/maven-surefire-plugin/xsd/surefire-test-report-3.0.xsd" version="3.0" name="com.example.learningplatform.LearningPlatformApplicationTest" time="0.828" tests="2" errors="0" skipped="0" failures="0">
  <properties>
[...]
</properties>
  <testcase name="mainMethodStartsApplication" classname="com.example.learningplatform.LearningPlatformApplicationTest" time="0.821">
    <system-out><![CDATA[2025-11-09T14:10:05.591+03:00  INFO 3900 --- [learning-platform] [           main] t.c.s.AnnotationConfigContextLoaderUtils : Could not detect default configuration classes for test class [com.example.learningplatform.LearningPlatformApplicationTest]: LearningPlatformApplicationTest does not declare any static, non-private, non-final, nested classes annotated with @Configuration.
2025-11-09T14:10:05.594+03:00  INFO 3900 --- [learning-platform] [           main] .b.t.c.SpringBootTestContextBootstrapper : Found @SpringBootConfiguration com.example.learningplatform.LearningPlatformApplication for test class com.example.learningplatform.LearningPlatformApplicationTest

  .   ____          _            __ _ _
 /\\ / ___'_ __ _ _(_)_ __  __ _ \ \ \ \
( ( )\___ | '_ | '_| | '_ \/ _` | \ \ \ \
 \\/  ___)| |_)| | | | | || (_| |  ) ) ) )
  '  |____| .__|_| |_|_| |_\__, | / / / /
 =========|_|==============|___/=/_/_/_/
 :: Spring Boot ::                (v3.2.0)

2025-11-09T14:10:05.608+03:00  INFO 3900 --- [learning-platform] [           main] c.e.l.LearningPlatformApplication        : Starting LearningPlatformApplication using Java 21.0.8 with PID 3900 (started by alladavletshina in /Users/alladavletshina/study/learning-platform)
2025-11-09T14:10:05.608+03:00 DEBUG 3900 --- [learning-platform] [           main] c.e.l.LearningPlatformApplication        : Running with Spring Boot v3.2.0, Spring v6.1.1
2025-11-09T14:10:05.608+03:00  INFO 3900 --- [learning-platform] [           main] c.e.l.LearningPlatformApplication        : The following 1 profile is active: "dev"
2025-11-09T14:10:05.671+03:00  INFO 3900 --- [learning-platform] [           main] .s.d.r.c.RepositoryConfigurationDelegate : Bootstrapping Spring Data JPA repositories in DEFAULT mode.
2025-11-09T14:10:05.680+03:00  INFO 3900 --- [learning-platform] [           main] .s.d.r.c.RepositoryConfigurationDelegate : Finished Spring Data repository scanning in 8 ms. Found 15 JPA repository interfaces.
2025-11-09T14:10:05.764+03:00  INFO 3900 --- [learning-platform] [           main] o.s.b.w.embedded.tomcat.TomcatWebServer  : Tomcat initialized with port 8080 (http)
2025-11-09T14:10:05.769+03:00  INFO 3900 --- [learning-platform] [           main] o.apache.catalina.core.StandardService   : Starting service [Tomcat]
2025-11-09T14:10:05.769+03:00  INFO 3900 --- [learning-platform] [           main] o.apache.catalina.core.StandardEngine    : Starting Servlet engine: [Apache Tomcat/10.1.16]
2025-11-09T14:10:05.793+03:00  INFO 3900 --- [learning-platform] [           main] o.a.c.c.C.[Tomcat].[localhost].[/]       : Initializing Spring embedded WebApplicationContext
2025-11-09T14:10:05.793+03:00  INFO 3900 --- [learning-platform] [           main] w.s.c.ServletWebServerApplicationContext : Root WebApplicationContext: initialization completed in 184 ms
2025-11-09T14:10:06.072+03:00  INFO 3900 --- [learning-platform] [           main] liquibase.changelog                      : Reading from public.databasechangelog
Database is up to date, no changesets to execute
2025-11-09T14:10:06.088+03:00  INFO 3900 --- [learning-platform] [           main] liquibase.util                           : UPDATE SUMMARY
2025-11-09T14:10:06.088+03:00  INFO 3900 --- [learning-platform] [           main] liquibase.util                           : Run:                          0
2025-11-09T14:10:06.088+03:00  INFO 3900 --- [learning-platform] [           main] liquibase.util                           : Previously run:              73
2025-11-09T14:10:06.088+03:00  INFO 3900 --- [learning-platform] [           main] liquibase.util                           : Filtered out:                 0
2025-11-09T14:10:06.088+03:00  INFO 3900 --- [learning-platform] [           main] liquibase.util                           : -------------------------------
2025-11-09T14:10:06.088+03:00  INFO 3900 --- [learning-platform] [           main] liquibase.util                           : Total change sets:           73
2025-11-09T14:10:06.088+03:00  INFO 3900 --- [learning-platform] [           main] liquibase.util                           : Update summary generated
2025-11-09T14:10:06.094+03:00  INFO 3900 --- [learning-platform] [           main] liquibase.lockservice                    : Successfully released change log lock
2025-11-09T14:10:06.094+03:00  INFO 3900 --- [learning-platform] [           main] liquibase.command                        : Command execution complete
2025-11-09T14:10:06.102+03:00  INFO 3900 --- [learning-platform] [           main] o.hibernate.jpa.internal.util.LogHelper  : HHH000204: Processing PersistenceUnitInfo [name: default]
2025-11-09T14:10:06.102+03:00  INFO 3900 --- [learning-platform] [           main] o.h.c.internal.RegionFactoryInitiator    : HHH000026: Second-level cache disabled
2025-11-09T14:10:06.104+03:00  INFO 3900 --- [learning-platform] [           main] o.s.o.j.p.SpringPersistenceUnitInfo      : No LoadTimeWeaver setup: ignoring JPA class transformer
2025-11-09T14:10:06.104+03:00  INFO 3900 --- [learning-platform] [           main] com.zaxxer.hikari.HikariDataSource       : HikariPool-2 - Starting...
2025-11-09T14:10:06.112+03:00  INFO 3900 --- [learning-platform] [           main] com.zaxxer.hikari.pool.HikariPool        : HikariPool-2 - Added connection org.postgresql.jdbc.PgConnection@332015dc
2025-11-09T14:10:06.112+03:00  INFO 3900 --- [learning-platform] [           main] com.zaxxer.hikari.HikariDataSource       : HikariPool-2 - Start completed.
2025-11-09T14:10:06.116+03:00  WARN 3900 --- [learning-platform] [           main] org.hibernate.orm.deprecation            : HHH90000025: PostgreSQLDialect does not need to be specified explicitly using 'hibernate.dialect' (remove the property setting and it will be selected by default)
2025-11-09T14:10:06.209+03:00  INFO 3900 --- [learning-platform] [           main] o.h.e.t.j.p.i.JtaPlatformInitiator       : HHH000489: No JTA platform available (set 'hibernate.transaction.jta.platform' to enable JTA platform integration)
2025-11-09T14:10:06.233+03:00  INFO 3900 --- [learning-platform] [           main] j.LocalContainerEntityManagerFactoryBean : Initialized JPA EntityManagerFactory for persistence unit 'default'
2025-11-09T14:10:06.353+03:00  WARN 3900 --- [learning-platform] [           main] JpaBaseConfiguration$JpaWebConfiguration : spring.jpa.open-in-view is enabled by default. Therefore, database queries may be performed during view rendering. Explicitly configure spring.jpa.open-in-view to disable this warning
2025-11-09T14:10:06.409+03:00  INFO 3900 --- [learning-platform] [           main] o.s.b.w.embedded.tomcat.TomcatWebServer  : Tomcat started on port 8080 (http) with context path ''
2025-11-09T14:10:06.410+03:00  INFO 3900 --- [learning-platform] [           main] c.e.l.LearningPlatformApplication        : Started LearningPlatformApplication in 0.814 seconds (process running for 4.904)
2025-11-09T14:10:06.412+03:00 DEBUG 3900 --- [learning-platform] [           main] org.hibernate.SQL                        : 
    select
        count(*) 
    from
        users u1_0
Hibernate: 
    select
        count(*) 
    from
        users u1_0
]]></system-out>
  </testcase>
  <testcase name="contextLoads" classname="com.example.learningplatform.LearningPlatformApplicationTest" time="0.001"/>
</testsuite>