<?xml version="1.0" encoding="UTF-8"?>
<testsuite xmlns:xsi="http://www.w3.org/2001/XMLSchema-instance" xsi:noNamespaceSchemaLocation="https://maven.apache.org/surefire/maven-surefire-plugin/xsd/surefire-test-report-3.0.xsd" version="3.0" name="com.example.learningplatform.config.UserServiceIntegrationTest" time="3.791" tests="6" errors="0" skipped="0" failures="0">
  <properties>
[...]
</properties>
  <testcase name="updateUser_ShouldUpdateUserSuccessfully" classname="com.example.learningplatform.config.UserServiceIntegrationTest" time="0.323">
    <system-out><![CDATA[22:58:15.163 [main] INFO org.springframework.test.context.support.AnnotationConfigContextLoaderUtils -- Could not detect default configuration classes for test class [com.example.learningplatform.config.UserServiceIntegrationTest]: UserServiceIntegrationTest does not declare any static, non-private, non-final, nested classes annotated with @Configuration.
22:58:15.207 [main] INFO org.springframework.boot.test.context.SpringBootTestContextBootstrapper -- Found @SpringBootConfiguration com.example.learningplatform.LearningPlatformApplication for test class com.example.learningplatform.config.UserServiceIntegrationTest

  .   ____          _            __ _ _
 /\\ / ___'_ __ _ _(_)_ __  __ _ \ \ \ \
( ( )\___ | '_ | '_| | '_ \/ _` | \ \ \ \
 \\/  ___)| |_)| | | | | || (_| |  ) ) ) )
  '  |____| .__|_| |_|_| |_\__, | / / / /
 =========|_|==============|___/=/_/_/_/
 :: Spring Boot ::                (v3.2.0)

2025-11-08T22:58:15.390+03:00  INFO 4041 --- [learning-platform] [           main] c.e.l.config.UserServiceIntegrationTest  : Starting UserServiceIntegrationTest using Java 21.0.8 with PID 4041 (started by alladavletshina in /Users/alladavletshina/study/learning-platform)
2025-11-08T22:58:15.390+03:00 DEBUG 4041 --- [learning-platform] [           main] c.e.l.config.UserServiceIntegrationTest  : Running with Spring Boot v3.2.0, Spring v6.1.1
2025-11-08T22:58:15.390+03:00  INFO 4041 --- [learning-platform] [           main] c.e.l.config.UserServiceIntegrationTest  : The following 1 profile is active: "test"
2025-11-08T22:58:15.655+03:00  INFO 4041 --- [learning-platform] [           main] .s.d.r.c.RepositoryConfigurationDelegate : Bootstrapping Spring Data JPA repositories in DEFAULT mode.
2025-11-08T22:58:15.694+03:00  INFO 4041 --- [learning-platform] [           main] .s.d.r.c.RepositoryConfigurationDelegate : Finished Spring Data repository scanning in 35 ms. Found 11 JPA repository interfaces.
2025-11-08T22:58:16.649+03:00  INFO 4041 --- [learning-platform] [           main] liquibase.changelog                      : Reading from public.databasechangelog
Database is up to date, no changesets to execute
2025-11-08T22:58:16.687+03:00  INFO 4041 --- [learning-platform] [           main] liquibase.changelog                      : Reading from public.databasechangelog
2025-11-08T22:58:16.696+03:00  INFO 4041 --- [learning-platform] [           main] liquibase.util                           : UPDATE SUMMARY
2025-11-08T22:58:16.696+03:00  INFO 4041 --- [learning-platform] [           main] liquibase.util                           : Run:                          0
2025-11-08T22:58:16.697+03:00  INFO 4041 --- [learning-platform] [           main] liquibase.util                           : Previously run:              73
2025-11-08T22:58:16.697+03:00  INFO 4041 --- [learning-platform] [           main] liquibase.util                           : Filtered out:                 0
2025-11-08T22:58:16.697+03:00  INFO 4041 --- [learning-platform] [           main] liquibase.util                           : -------------------------------
2025-11-08T22:58:16.697+03:00  INFO 4041 --- [learning-platform] [           main] liquibase.util                           : Total change sets:           73
2025-11-08T22:58:16.697+03:00  INFO 4041 --- [learning-platform] [           main] liquibase.util                           : Update summary generated
2025-11-08T22:58:16.709+03:00  INFO 4041 --- [learning-platform] [           main] liquibase.lockservice                    : Successfully released change log lock
2025-11-08T22:58:16.710+03:00  INFO 4041 --- [learning-platform] [           main] liquibase.command                        : Command execution complete
2025-11-08T22:58:16.748+03:00  INFO 4041 --- [learning-platform] [           main] o.hibernate.jpa.internal.util.LogHelper  : HHH000204: Processing PersistenceUnitInfo [name: default]
2025-11-08T22:58:16.774+03:00  INFO 4041 --- [learning-platform] [           main] org.hibernate.Version                    : HHH000412: Hibernate ORM core version 6.3.1.Final
2025-11-08T22:58:16.790+03:00  INFO 4041 --- [learning-platform] [           main] o.h.c.internal.RegionFactoryInitiator    : HHH000026: Second-level cache disabled
2025-11-08T22:58:16.884+03:00  INFO 4041 --- [learning-platform] [           main] o.s.o.j.p.SpringPersistenceUnitInfo      : No LoadTimeWeaver setup: ignoring JPA class transformer
2025-11-08T22:58:16.896+03:00  INFO 4041 --- [learning-platform] [           main] com.zaxxer.hikari.HikariDataSource       : HikariPool-1 - Starting...
2025-11-08T22:58:16.978+03:00  INFO 4041 --- [learning-platform] [           main] com.zaxxer.hikari.pool.HikariPool        : HikariPool-1 - Added connection conn0: url=jdbc:h2:mem:testdb user=SA
2025-11-08T22:58:16.979+03:00  INFO 4041 --- [learning-platform] [           main] com.zaxxer.hikari.HikariDataSource       : HikariPool-1 - Start completed.
2025-11-08T22:58:16.989+03:00  WARN 4041 --- [learning-platform] [           main] org.hibernate.orm.deprecation            : HHH90000025: H2Dialect does not need to be specified explicitly using 'hibernate.dialect' (remove the property setting and it will be selected by default)
2025-11-08T22:58:17.473+03:00  INFO 4041 --- [learning-platform] [           main] o.h.e.t.j.p.i.JtaPlatformInitiator       : HHH000489: No JTA platform available (set 'hibernate.transaction.jta.platform' to enable JTA platform integration)
2025-11-08T22:58:17.478+03:00 DEBUG 4041 --- [learning-platform] [           main] org.hibernate.SQL                        : 
    drop table if exists answer_options cascade 
Hibernate: 
    drop table if exists answer_options cascade 
2025-11-08T22:58:17.480+03:00 DEBUG 4041 --- [learning-platform] [           main] org.hibernate.SQL                        : 
    drop table if exists assignments cascade 
Hibernate: 
    drop table if exists assignments cascade 
2025-11-08T22:58:17.480+03:00 DEBUG 4041 --- [learning-platform] [           main] org.hibernate.SQL                        : 
    drop table if exists categories cascade 
Hibernate: 
    drop table if exists categories cascade 
2025-11-08T22:58:17.480+03:00 DEBUG 4041 --- [learning-platform] [           main] org.hibernate.SQL                        : 
    drop table if exists course_reviews cascade 
Hibernate: 
    drop table if exists course_reviews cascade 
2025-11-08T22:58:17.481+03:00 DEBUG 4041 --- [learning-platform] [           main] org.hibernate.SQL                        : 
    drop table if exists course_tags cascade 
Hibernate: 
    drop table if exists course_tags cascade 
2025-11-08T22:58:17.481+03:00 DEBUG 4041 --- [learning-platform] [           main] org.hibernate.SQL                        : 
    drop table if exists courses cascade 
Hibernate: 
    drop table if exists courses cascade 
2025-11-08T22:58:17.481+03:00 DEBUG 4041 --- [learning-platform] [           main] org.hibernate.SQL                        : 
    drop table if exists enrollments cascade 
Hibernate: 
    drop table if exists enrollments cascade 
2025-11-08T22:58:17.481+03:00 DEBUG 4041 --- [learning-platform] [           main] org.hibernate.SQL                        : 
    drop table if exists lessons cascade 
Hibernate: 
    drop table if exists lessons cascade 
2025-11-08T22:58:17.481+03:00 DEBUG 4041 --- [learning-platform] [           main] org.hibernate.SQL                        : 
    drop table if exists modules cascade 
Hibernate: 
    drop table if exists modules cascade 
2025-11-08T22:58:17.481+03:00 DEBUG 4041 --- [learning-platform] [           main] org.hibernate.SQL                        : 
    drop table if exists profiles cascade 
Hibernate: 
    drop table if exists profiles cascade 
2025-11-08T22:58:17.481+03:00 DEBUG 4041 --- [learning-platform] [           main] org.hibernate.SQL                        : 
    drop table if exists questions cascade 
Hibernate: 
    drop table if exists questions cascade 
2025-11-08T22:58:17.481+03:00 DEBUG 4041 --- [learning-platform] [           main] org.hibernate.SQL                        : 
    drop table if exists quiz_submissions cascade 
Hibernate: 
    drop table if exists quiz_submissions cascade 
2025-11-08T22:58:17.482+03:00 DEBUG 4041 --- [learning-platform] [           main] org.hibernate.SQL                        : 
    drop table if exists quizzes cascade 
Hibernate: 
    drop table if exists quizzes cascade 
2025-11-08T22:58:17.482+03:00 DEBUG 4041 --- [learning-platform] [           main] org.hibernate.SQL                        : 
    drop table if exists submissions cascade 
Hibernate: 
    drop table if exists submissions cascade 
2025-11-08T22:58:17.482+03:00 DEBUG 4041 --- [learning-platform] [           main] org.hibernate.SQL                        : 
    drop table if exists tags cascade 
Hibernate: 
    drop table if exists tags cascade 
2025-11-08T22:58:17.482+03:00 DEBUG 4041 --- [learning-platform] [           main] org.hibernate.SQL                        : 
    drop table if exists users cascade 
Hibernate: 
    drop table if exists users cascade 
2025-11-08T22:58:17.484+03:00 DEBUG 4041 --- [learning-platform] [           main] org.hibernate.SQL                        : 
    create table answer_options (
        is_correct boolean,
        id bigint generated by default as identity,
        question_id bigint not null,
        text TEXT not null,
        primary key (id)
    )
Hibernate: 
    create table answer_options (
        is_correct boolean,
        id bigint generated by default as identity,
        question_id bigint not null,
        text TEXT not null,
        primary key (id)
    )
2025-11-08T22:58:17.487+03:00 DEBUG 4041 --- [learning-platform] [           main] org.hibernate.SQL                        : 
    create table assignments (
        max_score integer,
        due_date timestamp(6),
        id bigint generated by default as identity,
        lesson_id bigint not null,
        description TEXT,
        title varchar(255) not null,
        primary key (id)
    )
Hibernate: 
    create table assignments (
        max_score integer,
        due_date timestamp(6),
        id bigint generated by default as identity,
        lesson_id bigint not null,
        description TEXT,
        title varchar(255) not null,
        primary key (id)
    )
2025-11-08T22:58:17.489+03:00 DEBUG 4041 --- [learning-platform] [           main] org.hibernate.SQL                        : 
    create table categories (
        id bigint generated by default as identity,
        description varchar(255),
        name varchar(255) not null unique,
        primary key (id)
    )
Hibernate: 
    create table categories (
        id bigint generated by default as identity,
        description varchar(255),
        name varchar(255) not null unique,
        primary key (id)
    )
2025-11-08T22:58:17.490+03:00 DEBUG 4041 --- [learning-platform] [           main] org.hibernate.SQL                        : 
    create table course_reviews (
        rating integer,
        course_id bigint not null,
        created_at timestamp(6),
        id bigint generated by default as identity,
        student_id bigint not null,
        comment TEXT,
        primary key (id),
        unique (student_id, course_id)
    )
Hibernate: 
    create table course_reviews (
        rating integer,
        course_id bigint not null,
        created_at timestamp(6),
        id bigint generated by default as identity,
        student_id bigint not null,
        comment TEXT,
        primary key (id),
        unique (student_id, course_id)
    )
2025-11-08T22:58:17.490+03:00 DEBUG 4041 --- [learning-platform] [           main] org.hibernate.SQL                        : 
    create table course_tags (
        course_id bigint not null,
        tag_id bigint not null,
        primary key (course_id, tag_id)
    )
Hibernate: 
    create table course_tags (
        course_id bigint not null,
        tag_id bigint not null,
        primary key (course_id, tag_id)
    )
2025-11-08T22:58:17.491+03:00 DEBUG 4041 --- [learning-platform] [           main] org.hibernate.SQL                        : 
    create table courses (
        duration integer,
        end_date date,
        is_published boolean,
        price numeric(38,2),
        start_date date,
        category_id bigint,
        id bigint generated by default as identity,
        teacher_id bigint not null,
        description TEXT,
        title varchar(255) not null,
        primary key (id)
    )
Hibernate: 
    create table courses (
        duration integer,
        end_date date,
        is_published boolean,
        price numeric(38,2),
        start_date date,
        category_id bigint,
        id bigint generated by default as identity,
        teacher_id bigint not null,
        description TEXT,
        title varchar(255) not null,
        primary key (id)
    )
2025-11-08T22:58:17.492+03:00 DEBUG 4041 --- [learning-platform] [           main] org.hibernate.SQL                        : 
    create table enrollments (
        progress integer,
        course_id bigint not null,
        enroll_date timestamp(6),
        id bigint generated by default as identity,
        student_id bigint not null,
        status varchar(255) check (status in ('ACTIVE','COMPLETED','DROPPED')),
        primary key (id),
        unique (student_id, course_id)
    )
Hibernate: 
    create table enrollments (
        progress integer,
        course_id bigint not null,
        enroll_date timestamp(6),
        id bigint generated by default as identity,
        student_id bigint not null,
        status varchar(255) check (status in ('ACTIVE','COMPLETED','DROPPED')),
        primary key (id),
        unique (student_id, course_id)
    )
2025-11-08T22:58:17.494+03:00 DEBUG 4041 --- [learning-platform] [           main] org.hibernate.SQL                        : 
    create table lessons (
        order_index integer,
        id bigint generated by default as identity,
        module_id bigint not null,
        content TEXT,
        title varchar(255) not null,
        video_url varchar(255),
        primary key (id)
    )
Hibernate: 
    create table lessons (
        order_index integer,
        id bigint generated by default as identity,
        module_id bigint not null,
        content TEXT,
        title varchar(255) not null,
        video_url varchar(255),
        primary key (id)
    )
2025-11-08T22:58:17.494+03:00 DEBUG 4041 --- [learning-platform] [           main] org.hibernate.SQL                        : 
    create table modules (
        order_index integer,
        course_id bigint not null,
        id bigint generated by default as identity,
        description varchar(255),
        title varchar(255) not null,
        primary key (id)
    )
Hibernate: 
    create table modules (
        order_index integer,
        course_id bigint not null,
        id bigint generated by default as identity,
        description varchar(255),
        title varchar(255) not null,
        primary key (id)
    )
2025-11-08T22:58:17.495+03:00 DEBUG 4041 --- [learning-platform] [           main] org.hibernate.SQL                        : 
    create table profiles (
        id bigint generated by default as identity,
        user_id bigint not null unique,
        avatar_url varchar(255),
        bio varchar(255),
        social_links varchar(255),
        website varchar(255),
        primary key (id)
    )
Hibernate: 
    create table profiles (
        id bigint generated by default as identity,
        user_id bigint not null unique,
        avatar_url varchar(255),
        bio varchar(255),
        social_links varchar(255),
        website varchar(255),
        primary key (id)
    )
2025-11-08T22:58:17.496+03:00 DEBUG 4041 --- [learning-platform] [           main] org.hibernate.SQL                        : 
    create table questions (
        points integer,
        id bigint generated by default as identity,
        quiz_id bigint not null,
        text TEXT not null,
        type varchar(255) not null check (type in ('SINGLE_CHOICE','MULTIPLE_CHOICE','TEXT')),
        primary key (id)
    )
Hibernate: 
    create table questions (
        points integer,
        id bigint generated by default as identity,
        quiz_id bigint not null,
        text TEXT not null,
        type varchar(255) not null check (type in ('SINGLE_CHOICE','MULTIPLE_CHOICE','TEXT')),
        primary key (id)
    )
2025-11-08T22:58:17.497+03:00 DEBUG 4041 --- [learning-platform] [           main] org.hibernate.SQL                        : 
    create table quiz_submissions (
        score integer,
        id bigint generated by default as identity,
        quiz_id bigint not null,
        student_id bigint not null,
        taken_at timestamp(6),
        primary key (id),
        unique (student_id, quiz_id)
    )
Hibernate: 
    create table quiz_submissions (
        score integer,
        id bigint generated by default as identity,
        quiz_id bigint not null,
        student_id bigint not null,
        taken_at timestamp(6),
        primary key (id),
        unique (student_id, quiz_id)
    )
2025-11-08T22:58:17.497+03:00 DEBUG 4041 --- [learning-platform] [           main] org.hibernate.SQL                        : 
    create table quizzes (
        course_id bigint,
        id bigint generated by default as identity,
        module_id bigint unique,
        time_limit bigint,
        description varchar(255),
        title varchar(255) not null,
        primary key (id)
    )
Hibernate: 
    create table quizzes (
        course_id bigint,
        id bigint generated by default as identity,
        module_id bigint unique,
        time_limit bigint,
        description varchar(255),
        title varchar(255) not null,
        primary key (id)
    )
2025-11-08T22:58:17.498+03:00 DEBUG 4041 --- [learning-platform] [           main] org.hibernate.SQL                        : 
    create table submissions (
        score integer,
        assignment_id bigint not null,
        id bigint generated by default as identity,
        student_id bigint not null,
        submitted_at timestamp(6),
        content TEXT,
        feedback TEXT,
        primary key (id),
        unique (student_id, assignment_id)
    )
Hibernate: 
    create table submissions (
        score integer,
        assignment_id bigint not null,
        id bigint generated by default as identity,
        student_id bigint not null,
        submitted_at timestamp(6),
        content TEXT,
        feedback TEXT,
        primary key (id),
        unique (student_id, assignment_id)
    )
2025-11-08T22:58:17.499+03:00 DEBUG 4041 --- [learning-platform] [           main] org.hibernate.SQL                        : 
    create table tags (
        id bigint generated by default as identity,
        name varchar(255) not null unique,
        primary key (id)
    )
Hibernate: 
    create table tags (
        id bigint generated by default as identity,
        name varchar(255) not null unique,
        primary key (id)
    )
2025-11-08T22:58:17.499+03:00 DEBUG 4041 --- [learning-platform] [           main] org.hibernate.SQL                        : 
    create table users (
        created_at timestamp(6),
        id bigint generated by default as identity,
        email varchar(255) not null unique,
        name varchar(255) not null,
        phone varchar(255),
        role varchar(255) not null check (role in ('STUDENT','TEACHER','ADMIN')),
        primary key (id)
    )
Hibernate: 
    create table users (
        created_at timestamp(6),
        id bigint generated by default as identity,
        email varchar(255) not null unique,
        name varchar(255) not null,
        phone varchar(255),
        role varchar(255) not null check (role in ('STUDENT','TEACHER','ADMIN')),
        primary key (id)
    )
2025-11-08T22:58:17.500+03:00 DEBUG 4041 --- [learning-platform] [           main] org.hibernate.SQL                        : 
    alter table if exists answer_options 
       add constraint FKfapodm8kfiu9a9a4o2r43rcgp 
       foreign key (question_id) 
       references questions
Hibernate: 
    alter table if exists answer_options 
       add constraint FKfapodm8kfiu9a9a4o2r43rcgp 
       foreign key (question_id) 
       references questions
2025-11-08T22:58:17.504+03:00 DEBUG 4041 --- [learning-platform] [           main] org.hibernate.SQL                        : 
    alter table if exists assignments 
       add constraint FKj6l7dcv3gjrabhqjqsdolg78l 
       foreign key (lesson_id) 
       references lessons
Hibernate: 
    alter table if exists assignments 
       add constraint FKj6l7dcv3gjrabhqjqsdolg78l 
       foreign key (lesson_id) 
       references lessons
2025-11-08T22:58:17.505+03:00 DEBUG 4041 --- [learning-platform] [           main] org.hibernate.SQL                        : 
    alter table if exists course_reviews 
       add constraint FK799g8dfcye3g51ru63bfdhyb1 
       foreign key (course_id) 
       references courses
Hibernate: 
    alter table if exists course_reviews 
       add constraint FK799g8dfcye3g51ru63bfdhyb1 
       foreign key (course_id) 
       references courses
2025-11-08T22:58:17.506+03:00 DEBUG 4041 --- [learning-platform] [           main] org.hibernate.SQL                        : 
    alter table if exists course_reviews 
       add constraint FKhh2x4vh4c3w8q5htsg6i49dv1 
       foreign key (student_id) 
       references users
Hibernate: 
    alter table if exists course_reviews 
       add constraint FKhh2x4vh4c3w8q5htsg6i49dv1 
       foreign key (student_id) 
       references users
2025-11-08T22:58:17.506+03:00 DEBUG 4041 --- [learning-platform] [           main] org.hibernate.SQL                        : 
    alter table if exists course_tags 
       add constraint FKle4e0o8293pd96wrrfl77ij42 
       foreign key (tag_id) 
       references tags
Hibernate: 
    alter table if exists course_tags 
       add constraint FKle4e0o8293pd96wrrfl77ij42 
       foreign key (tag_id) 
       references tags
2025-11-08T22:58:17.507+03:00 DEBUG 4041 --- [learning-platform] [           main] org.hibernate.SQL                        : 
    alter table if exists course_tags 
       add constraint FKjqwlxw962j7q9wdogwnrctc2p 
       foreign key (course_id) 
       references courses
Hibernate: 
    alter table if exists course_tags 
       add constraint FKjqwlxw962j7q9wdogwnrctc2p 
       foreign key (course_id) 
       references courses
2025-11-08T22:58:17.508+03:00 DEBUG 4041 --- [learning-platform] [           main] org.hibernate.SQL                        : 
    alter table if exists courses 
       add constraint FK72l5dj585nq7i6xxv1vj51lyn 
       foreign key (category_id) 
       references categories
Hibernate: 
    alter table if exists courses 
       add constraint FK72l5dj585nq7i6xxv1vj51lyn 
       foreign key (category_id) 
       references categories
2025-11-08T22:58:17.508+03:00 DEBUG 4041 --- [learning-platform] [           main] org.hibernate.SQL                        : 
    alter table if exists courses 
       add constraint FKt4ba5fab1x56tmt4nsypv5lm5 
       foreign key (teacher_id) 
       references users
Hibernate: 
    alter table if exists courses 
       add constraint FKt4ba5fab1x56tmt4nsypv5lm5 
       foreign key (teacher_id) 
       references users
2025-11-08T22:58:17.509+03:00 DEBUG 4041 --- [learning-platform] [           main] org.hibernate.SQL                        : 
    alter table if exists enrollments 
       add constraint FKho8mcicp4196ebpltdn9wl6co 
       foreign key (course_id) 
       references courses
Hibernate: 
    alter table if exists enrollments 
       add constraint FKho8mcicp4196ebpltdn9wl6co 
       foreign key (course_id) 
       references courses
2025-11-08T22:58:17.510+03:00 DEBUG 4041 --- [learning-platform] [           main] org.hibernate.SQL                        : 
    alter table if exists enrollments 
       add constraint FK2lha5vwilci2yi3vu5akusx4a 
       foreign key (student_id) 
       references users
Hibernate: 
    alter table if exists enrollments 
       add constraint FK2lha5vwilci2yi3vu5akusx4a 
       foreign key (student_id) 
       references users
2025-11-08T22:58:17.510+03:00 DEBUG 4041 --- [learning-platform] [           main] org.hibernate.SQL                        : 
    alter table if exists lessons 
       add constraint FKt9yjhjbd9y3w6fxs66ny1wu02 
       foreign key (module_id) 
       references modules
Hibernate: 
    alter table if exists lessons 
       add constraint FKt9yjhjbd9y3w6fxs66ny1wu02 
       foreign key (module_id) 
       references modules
2025-11-08T22:58:17.511+03:00 DEBUG 4041 --- [learning-platform] [           main] org.hibernate.SQL                        : 
    alter table if exists modules 
       add constraint FK8qnnp812q1jd38fx7mxrhpw9 
       foreign key (course_id) 
       references courses
Hibernate: 
    alter table if exists modules 
       add constraint FK8qnnp812q1jd38fx7mxrhpw9 
       foreign key (course_id) 
       references courses
2025-11-08T22:58:17.511+03:00 DEBUG 4041 --- [learning-platform] [           main] org.hibernate.SQL                        : 
    alter table if exists profiles 
       add constraint FK410q61iev7klncmpqfuo85ivh 
       foreign key (user_id) 
       references users
Hibernate: 
    alter table if exists profiles 
       add constraint FK410q61iev7klncmpqfuo85ivh 
       foreign key (user_id) 
       references users
2025-11-08T22:58:17.512+03:00 DEBUG 4041 --- [learning-platform] [           main] org.hibernate.SQL                        : 
    alter table if exists questions 
       add constraint FKn3gvco4b0kewxc0bywf1igfms 
       foreign key (quiz_id) 
       references quizzes
Hibernate: 
    alter table if exists questions 
       add constraint FKn3gvco4b0kewxc0bywf1igfms 
       foreign key (quiz_id) 
       references quizzes
2025-11-08T22:58:17.512+03:00 DEBUG 4041 --- [learning-platform] [           main] org.hibernate.SQL                        : 
    alter table if exists quiz_submissions 
       add constraint FK7rmflyrtaibx04079o6tiu0me 
       foreign key (quiz_id) 
       references quizzes
Hibernate: 
    alter table if exists quiz_submissions 
       add constraint FK7rmflyrtaibx04079o6tiu0me 
       foreign key (quiz_id) 
       references quizzes
2025-11-08T22:58:17.513+03:00 DEBUG 4041 --- [learning-platform] [           main] org.hibernate.SQL                        : 
    alter table if exists quiz_submissions 
       add constraint FK5fbfm6lgxprfc8y4ke1xpl4mf 
       foreign key (student_id) 
       references users
Hibernate: 
    alter table if exists quiz_submissions 
       add constraint FK5fbfm6lgxprfc8y4ke1xpl4mf 
       foreign key (student_id) 
       references users
2025-11-08T22:58:17.513+03:00 DEBUG 4041 --- [learning-platform] [           main] org.hibernate.SQL                        : 
    alter table if exists quizzes 
       add constraint FKpxdnhxeppxx606nhyjtjyharp 
       foreign key (course_id) 
       references courses
Hibernate: 
    alter table if exists quizzes 
       add constraint FKpxdnhxeppxx606nhyjtjyharp 
       foreign key (course_id) 
       references courses
2025-11-08T22:58:17.514+03:00 DEBUG 4041 --- [learning-platform] [           main] org.hibernate.SQL                        : 
    alter table if exists quizzes 
       add constraint FKnqw01g1df6iqh97ijywvvv51d 
       foreign key (module_id) 
       references modules
Hibernate: 
    alter table if exists quizzes 
       add constraint FKnqw01g1df6iqh97ijywvvv51d 
       foreign key (module_id) 
       references modules
2025-11-08T22:58:17.515+03:00 DEBUG 4041 --- [learning-platform] [           main] org.hibernate.SQL                        : 
    alter table if exists submissions 
       add constraint FKrirbb44savy2g7nws0hoxs949 
       foreign key (assignment_id) 
       references assignments
Hibernate: 
    alter table if exists submissions 
       add constraint FKrirbb44savy2g7nws0hoxs949 
       foreign key (assignment_id) 
       references assignments
2025-11-08T22:58:17.515+03:00 DEBUG 4041 --- [learning-platform] [           main] org.hibernate.SQL                        : 
    alter table if exists submissions 
       add constraint FK3p6y8mnhpwusdgqrdl4hcl72m 
       foreign key (student_id) 
       references users
Hibernate: 
    alter table if exists submissions 
       add constraint FK3p6y8mnhpwusdgqrdl4hcl72m 
       foreign key (student_id) 
       references users
2025-11-08T22:58:17.518+03:00  INFO 4041 --- [learning-platform] [           main] j.LocalContainerEntityManagerFactoryBean : Initialized JPA EntityManagerFactory for persistence unit 'default'
2025-11-08T22:58:17.661+03:00  INFO 4041 --- [learning-platform] [           main] o.s.d.j.r.query.QueryEnhancerFactory     : Hibernate is in classpath; If applicable, HQL parser will be used.
2025-11-08T22:58:18.172+03:00  WARN 4041 --- [learning-platform] [           main] JpaBaseConfiguration$JpaWebConfiguration : spring.jpa.open-in-view is enabled by default. Therefore, database queries may be performed during view rendering. Explicitly configure spring.jpa.open-in-view to disable this warning
2025-11-08T22:58:18.321+03:00  INFO 4041 --- [learning-platform] [           main] o.s.b.a.h2.H2ConsoleAutoConfiguration    : H2 console available at '/h2-console'. Database available at 'jdbc:h2:mem:testdb'
2025-11-08T22:58:18.348+03:00  INFO 4041 --- [learning-platform] [           main] c.e.l.config.UserServiceIntegrationTest  : Started UserServiceIntegrationTest in 3.084 seconds (process running for 3.498)
2025-11-08T22:58:18.381+03:00 DEBUG 4041 --- [learning-platform] [           main] org.hibernate.SQL                        : 
    select
        count(*) 
    from
        users u1_0
Hibernate: 
    select
        count(*) 
    from
        users u1_0
2025-11-08T22:58:18.394+03:00  INFO 4041 --- [learning-platform] [           main] c.e.learningplatform.config.DataLoader   : Loading demo data...
2025-11-08T22:58:18.419+03:00 DEBUG 4041 --- [learning-platform] [           main] org.hibernate.SQL                        : 
    insert 
    into
        users
        (created_at, email, name, phone, role, id) 
    values
        (?, ?, ?, ?, ?, default)
Hibernate: 
    insert 
    into
        users
        (created_at, email, name, phone, role, id) 
    values
        (?, ?, ?, ?, ?, default)
2025-11-08T22:58:18.421+03:00 TRACE 4041 --- [learning-platform] [           main] org.hibernate.orm.jdbc.bind              : binding parameter (1:TIMESTAMP) <- [2025-11-08T22:58:18.396995]
2025-11-08T22:58:18.421+03:00 TRACE 4041 --- [learning-platform] [           main] org.hibernate.orm.jdbc.bind              : binding parameter (2:VARCHAR) <- [admin@example.com]
2025-11-08T22:58:18.421+03:00 TRACE 4041 --- [learning-platform] [           main] org.hibernate.orm.jdbc.bind              : binding parameter (3:VARCHAR) <- [Admin User]
2025-11-08T22:58:18.421+03:00 TRACE 4041 --- [learning-platform] [           main] org.hibernate.orm.jdbc.bind              : binding parameter (4:VARCHAR) <- [+1111111111]
2025-11-08T22:58:18.421+03:00 TRACE 4041 --- [learning-platform] [           main] org.hibernate.orm.jdbc.bind              : binding parameter (5:VARCHAR) <- [ADMIN]
2025-11-08T22:58:18.430+03:00 DEBUG 4041 --- [learning-platform] [           main] org.hibernate.SQL                        : 
    insert 
    into
        users
        (created_at, email, name, phone, role, id) 
    values
        (?, ?, ?, ?, ?, default)
Hibernate: 
    insert 
    into
        users
        (created_at, email, name, phone, role, id) 
    values
        (?, ?, ?, ?, ?, default)
2025-11-08T22:58:18.431+03:00 TRACE 4041 --- [learning-platform] [           main] org.hibernate.orm.jdbc.bind              : binding parameter (1:TIMESTAMP) <- [2025-11-08T22:58:18.430547]
2025-11-08T22:58:18.431+03:00 TRACE 4041 --- [learning-platform] [           main] org.hibernate.orm.jdbc.bind              : binding parameter (2:VARCHAR) <- [smith@example.com]
2025-11-08T22:58:18.431+03:00 TRACE 4041 --- [learning-platform] [           main] org.hibernate.orm.jdbc.bind              : binding parameter (3:VARCHAR) <- [Professor Smith]
2025-11-08T22:58:18.431+03:00 TRACE 4041 --- [learning-platform] [           main] org.hibernate.orm.jdbc.bind              : binding parameter (4:VARCHAR) <- [+2222222222]
2025-11-08T22:58:18.431+03:00 TRACE 4041 --- [learning-platform] [           main] org.hibernate.orm.jdbc.bind              : binding parameter (5:VARCHAR) <- [TEACHER]
2025-11-08T22:58:18.432+03:00 DEBUG 4041 --- [learning-platform] [           main] org.hibernate.SQL                        : 
    insert 
    into
        users
        (created_at, email, name, phone, role, id) 
    values
        (?, ?, ?, ?, ?, default)
Hibernate: 
    insert 
    into
        users
        (created_at, email, name, phone, role, id) 
    values
        (?, ?, ?, ?, ?, default)
2025-11-08T22:58:18.432+03:00 TRACE 4041 --- [learning-platform] [           main] org.hibernate.orm.jdbc.bind              : binding parameter (1:TIMESTAMP) <- [2025-11-08T22:58:18.432012]
2025-11-08T22:58:18.432+03:00 TRACE 4041 --- [learning-platform] [           main] org.hibernate.orm.jdbc.bind              : binding parameter (2:VARCHAR) <- [johnson@example.com]
2025-11-08T22:58:18.432+03:00 TRACE 4041 --- [learning-platform] [           main] org.hibernate.orm.jdbc.bind              : binding parameter (3:VARCHAR) <- [Dr. Johnson]
2025-11-08T22:58:18.432+03:00 TRACE 4041 --- [learning-platform] [           main] org.hibernate.orm.jdbc.bind              : binding parameter (4:VARCHAR) <- [+3333333333]
2025-11-08T22:58:18.432+03:00 TRACE 4041 --- [learning-platform] [           main] org.hibernate.orm.jdbc.bind              : binding parameter (5:VARCHAR) <- [TEACHER]
2025-11-08T22:58:18.433+03:00 DEBUG 4041 --- [learning-platform] [           main] org.hibernate.SQL                        : 
    insert 
    into
        users
        (created_at, email, name, phone, role, id) 
    values
        (?, ?, ?, ?, ?, default)
Hibernate: 
    insert 
    into
        users
        (created_at, email, name, phone, role, id) 
    values
        (?, ?, ?, ?, ?, default)
2025-11-08T22:58:18.433+03:00 TRACE 4041 --- [learning-platform] [           main] org.hibernate.orm.jdbc.bind              : binding parameter (1:TIMESTAMP) <- [2025-11-08T22:58:18.433007]
2025-11-08T22:58:18.433+03:00 TRACE 4041 --- [learning-platform] [           main] org.hibernate.orm.jdbc.bind              : binding parameter (2:VARCHAR) <- [alice@example.com]
2025-11-08T22:58:18.433+03:00 TRACE 4041 --- [learning-platform] [           main] org.hibernate.orm.jdbc.bind              : binding parameter (3:VARCHAR) <- [Alice Brown]
2025-11-08T22:58:18.433+03:00 TRACE 4041 --- [learning-platform] [           main] org.hibernate.orm.jdbc.bind              : binding parameter (4:VARCHAR) <- [+4444444444]
2025-11-08T22:58:18.433+03:00 TRACE 4041 --- [learning-platform] [           main] org.hibernate.orm.jdbc.bind              : binding parameter (5:VARCHAR) <- [STUDENT]
2025-11-08T22:58:18.434+03:00 DEBUG 4041 --- [learning-platform] [           main] org.hibernate.SQL                        : 
    insert 
    into
        users
        (created_at, email, name, phone, role, id) 
    values
        (?, ?, ?, ?, ?, default)
Hibernate: 
    insert 
    into
        users
        (created_at, email, name, phone, role, id) 
    values
        (?, ?, ?, ?, ?, default)
2025-11-08T22:58:18.434+03:00 TRACE 4041 --- [learning-platform] [           main] org.hibernate.orm.jdbc.bind              : binding parameter (1:TIMESTAMP) <- [2025-11-08T22:58:18.433938]
2025-11-08T22:58:18.434+03:00 TRACE 4041 --- [learning-platform] [           main] org.hibernate.orm.jdbc.bind              : binding parameter (2:VARCHAR) <- [bob@example.com]
2025-11-08T22:58:18.434+03:00 TRACE 4041 --- [learning-platform] [           main] org.hibernate.orm.jdbc.bind              : binding parameter (3:VARCHAR) <- [Bob Wilson]
2025-11-08T22:58:18.434+03:00 TRACE 4041 --- [learning-platform] [           main] org.hibernate.orm.jdbc.bind              : binding parameter (4:VARCHAR) <- [+5555555555]
2025-11-08T22:58:18.434+03:00 TRACE 4041 --- [learning-platform] [           main] org.hibernate.orm.jdbc.bind              : binding parameter (5:VARCHAR) <- [STUDENT]
2025-11-08T22:58:18.436+03:00 DEBUG 4041 --- [learning-platform] [           main] org.hibernate.SQL                        : 
    insert 
    into
        categories
        (description, name, id) 
    values
        (?, ?, default)
Hibernate: 
    insert 
    into
        categories
        (description, name, id) 
    values
        (?, ?, default)
2025-11-08T22:58:18.436+03:00 TRACE 4041 --- [learning-platform] [           main] org.hibernate.orm.jdbc.bind              : binding parameter (1:VARCHAR) <- [Software development courses]
2025-11-08T22:58:18.436+03:00 TRACE 4041 --- [learning-platform] [           main] org.hibernate.orm.jdbc.bind              : binding parameter (2:VARCHAR) <- [Programming]
2025-11-08T22:58:18.437+03:00 DEBUG 4041 --- [learning-platform] [           main] org.hibernate.SQL                        : 
    insert 
    into
        categories
        (description, name, id) 
    values
        (?, ?, default)
Hibernate: 
    insert 
    into
        categories
        (description, name, id) 
    values
        (?, ?, default)
2025-11-08T22:58:18.437+03:00 TRACE 4041 --- [learning-platform] [           main] org.hibernate.orm.jdbc.bind              : binding parameter (1:VARCHAR) <- [UI/UX and graphic design courses]
2025-11-08T22:58:18.437+03:00 TRACE 4041 --- [learning-platform] [           main] org.hibernate.orm.jdbc.bind              : binding parameter (2:VARCHAR) <- [Design]
2025-11-08T22:58:18.438+03:00 DEBUG 4041 --- [learning-platform] [           main] org.hibernate.SQL                        : 
    insert 
    into
        categories
        (description, name, id) 
    values
        (?, ?, default)
Hibernate: 
    insert 
    into
        categories
        (description, name, id) 
    values
        (?, ?, default)
2025-11-08T22:58:18.438+03:00 TRACE 4041 --- [learning-platform] [           main] org.hibernate.orm.jdbc.bind              : binding parameter (1:VARCHAR) <- [Business and management courses]
2025-11-08T22:58:18.438+03:00 TRACE 4041 --- [learning-platform] [           main] org.hibernate.orm.jdbc.bind              : binding parameter (2:VARCHAR) <- [Business]
2025-11-08T22:58:18.471+03:00 DEBUG 4041 --- [learning-platform] [           main] org.hibernate.SQL                        : 
    select
        t1_0.id,
        t1_0.name 
    from
        tags t1_0 
    where
        t1_0.name=?
Hibernate: 
    select
        t1_0.id,
        t1_0.name 
    from
        tags t1_0 
    where
        t1_0.name=?
2025-11-08T22:58:18.472+03:00 TRACE 4041 --- [learning-platform] [           main] org.hibernate.orm.jdbc.bind              : binding parameter (1:VARCHAR) <- [Java]
2025-11-08T22:58:18.474+03:00 DEBUG 4041 --- [learning-platform] [           main] org.hibernate.SQL                        : 
    insert 
    into
        tags
        (name, id) 
    values
        (?, default)
Hibernate: 
    insert 
    into
        tags
        (name, id) 
    values
        (?, default)
2025-11-08T22:58:18.475+03:00 TRACE 4041 --- [learning-platform] [           main] org.hibernate.orm.jdbc.bind              : binding parameter (1:VARCHAR) <- [Java]
2025-11-08T22:58:18.476+03:00 DEBUG 4041 --- [learning-platform] [           main] org.hibernate.SQL                        : 
    select
        t1_0.id,
        t1_0.name 
    from
        tags t1_0 
    where
        t1_0.name=?
Hibernate: 
    select
        t1_0.id,
        t1_0.name 
    from
        tags t1_0 
    where
        t1_0.name=?
2025-11-08T22:58:18.476+03:00 TRACE 4041 --- [learning-platform] [           main] org.hibernate.orm.jdbc.bind              : binding parameter (1:VARCHAR) <- [Spring Boot]
2025-11-08T22:58:18.477+03:00 DEBUG 4041 --- [learning-platform] [           main] org.hibernate.SQL                        : 
    insert 
    into
        tags
        (name, id) 
    values
        (?, default)
Hibernate: 
    insert 
    into
        tags
        (name, id) 
    values
        (?, default)
2025-11-08T22:58:18.477+03:00 TRACE 4041 --- [learning-platform] [           main] org.hibernate.orm.jdbc.bind              : binding parameter (1:VARCHAR) <- [Spring Boot]
2025-11-08T22:58:18.478+03:00 DEBUG 4041 --- [learning-platform] [           main] org.hibernate.SQL                        : 
    select
        t1_0.id,
        t1_0.name 
    from
        tags t1_0 
    where
        t1_0.name=?
Hibernate: 
    select
        t1_0.id,
        t1_0.name 
    from
        tags t1_0 
    where
        t1_0.name=?
2025-11-08T22:58:18.478+03:00 TRACE 4041 --- [learning-platform] [           main] org.hibernate.orm.jdbc.bind              : binding parameter (1:VARCHAR) <- [Python]
2025-11-08T22:58:18.479+03:00 DEBUG 4041 --- [learning-platform] [           main] org.hibernate.SQL                        : 
    insert 
    into
        tags
        (name, id) 
    values
        (?, default)
Hibernate: 
    insert 
    into
        tags
        (name, id) 
    values
        (?, default)
2025-11-08T22:58:18.479+03:00 TRACE 4041 --- [learning-platform] [           main] org.hibernate.orm.jdbc.bind              : binding parameter (1:VARCHAR) <- [Python]
2025-11-08T22:58:18.480+03:00 DEBUG 4041 --- [learning-platform] [           main] org.hibernate.SQL                        : 
    select
        t1_0.id,
        t1_0.name 
    from
        tags t1_0 
    where
        t1_0.name=?
Hibernate: 
    select
        t1_0.id,
        t1_0.name 
    from
        tags t1_0 
    where
        t1_0.name=?
2025-11-08T22:58:18.480+03:00 TRACE 4041 --- [learning-platform] [           main] org.hibernate.orm.jdbc.bind              : binding parameter (1:VARCHAR) <- [Web Development]
2025-11-08T22:58:18.480+03:00 DEBUG 4041 --- [learning-platform] [           main] org.hibernate.SQL                        : 
    insert 
    into
        tags
        (name, id) 
    values
        (?, default)
Hibernate: 
    insert 
    into
        tags
        (name, id) 
    values
        (?, default)
2025-11-08T22:58:18.480+03:00 TRACE 4041 --- [learning-platform] [           main] org.hibernate.orm.jdbc.bind              : binding parameter (1:VARCHAR) <- [Web Development]
2025-11-08T22:58:18.481+03:00 DEBUG 4041 --- [learning-platform] [           main] org.hibernate.SQL                        : 
    select
        t1_0.id,
        t1_0.name 
    from
        tags t1_0 
    where
        t1_0.name=?
Hibernate: 
    select
        t1_0.id,
        t1_0.name 
    from
        tags t1_0 
    where
        t1_0.name=?
2025-11-08T22:58:18.482+03:00 TRACE 4041 --- [learning-platform] [           main] org.hibernate.orm.jdbc.bind              : binding parameter (1:VARCHAR) <- [Beginner]
2025-11-08T22:58:18.482+03:00 DEBUG 4041 --- [learning-platform] [           main] org.hibernate.SQL                        : 
    insert 
    into
        tags
        (name, id) 
    values
        (?, default)
Hibernate: 
    insert 
    into
        tags
        (name, id) 
    values
        (?, default)
2025-11-08T22:58:18.482+03:00 TRACE 4041 --- [learning-platform] [           main] org.hibernate.orm.jdbc.bind              : binding parameter (1:VARCHAR) <- [Beginner]
2025-11-08T22:58:18.483+03:00 DEBUG 4041 --- [learning-platform] [           main] org.hibernate.SQL                        : 
    select
        t1_0.id,
        t1_0.name 
    from
        tags t1_0 
    where
        t1_0.name=?
Hibernate: 
    select
        t1_0.id,
        t1_0.name 
    from
        tags t1_0 
    where
        t1_0.name=?
2025-11-08T22:58:18.483+03:00 TRACE 4041 --- [learning-platform] [           main] org.hibernate.orm.jdbc.bind              : binding parameter (1:VARCHAR) <- [Advanced]
2025-11-08T22:58:18.483+03:00 DEBUG 4041 --- [learning-platform] [           main] org.hibernate.SQL                        : 
    insert 
    into
        tags
        (name, id) 
    values
        (?, default)
Hibernate: 
    insert 
    into
        tags
        (name, id) 
    values
        (?, default)
2025-11-08T22:58:18.483+03:00 TRACE 4041 --- [learning-platform] [           main] org.hibernate.orm.jdbc.bind              : binding parameter (1:VARCHAR) <- [Advanced]
2025-11-08T22:58:18.487+03:00 DEBUG 4041 --- [learning-platform] [           main] org.hibernate.SQL                        : 
    insert 
    into
        courses
        (category_id, description, duration, end_date, is_published, price, start_date, teacher_id, title, id) 
    values
        (?, ?, ?, ?, ?, ?, ?, ?, ?, default)
Hibernate: 
    insert 
    into
        courses
        (category_id, description, duration, end_date, is_published, price, start_date, teacher_id, title, id) 
    values
        (?, ?, ?, ?, ?, ?, ?, ?, ?, default)
2025-11-08T22:58:18.487+03:00 TRACE 4041 --- [learning-platform] [           main] org.hibernate.orm.jdbc.bind              : binding parameter (1:BIGINT) <- [1]
2025-11-08T22:58:18.487+03:00 TRACE 4041 --- [learning-platform] [           main] org.hibernate.orm.jdbc.bind              : binding parameter (2:VARCHAR) <- [Learn Java programming from scratch]
2025-11-08T22:58:18.487+03:00 TRACE 4041 --- [learning-platform] [           main] org.hibernate.orm.jdbc.bind              : binding parameter (3:INTEGER) <- [60]
2025-11-08T22:58:18.487+03:00 TRACE 4041 --- [learning-platform] [           main] org.hibernate.orm.jdbc.bind              : binding parameter (4:DATE) <- [2026-05-08]
2025-11-08T22:58:18.487+03:00 TRACE 4041 --- [learning-platform] [           main] org.hibernate.orm.jdbc.bind              : binding parameter (5:BOOLEAN) <- [true]
2025-11-08T22:58:18.487+03:00 TRACE 4041 --- [learning-platform] [           main] org.hibernate.orm.jdbc.bind              : binding parameter (6:NUMERIC) <- [149.99]
2025-11-08T22:58:18.488+03:00 TRACE 4041 --- [learning-platform] [           main] org.hibernate.orm.jdbc.bind              : binding parameter (7:DATE) <- [2025-11-08]
2025-11-08T22:58:18.488+03:00 TRACE 4041 --- [learning-platform] [           main] org.hibernate.orm.jdbc.bind              : binding parameter (8:BIGINT) <- [2]
2025-11-08T22:58:18.488+03:00 TRACE 4041 --- [learning-platform] [           main] org.hibernate.orm.jdbc.bind              : binding parameter (9:VARCHAR) <- [Java Fundamentals]
2025-11-08T22:58:18.490+03:00 DEBUG 4041 --- [learning-platform] [           main] org.hibernate.SQL                        : 
    insert 
    into
        course_tags
        (course_id, tag_id) 
    values
        (?, ?)
Hibernate: 
    insert 
    into
        course_tags
        (course_id, tag_id) 
    values
        (?, ?)
2025-11-08T22:58:18.490+03:00 TRACE 4041 --- [learning-platform] [           main] org.hibernate.orm.jdbc.bind              : binding parameter (1:BIGINT) <- [1]
2025-11-08T22:58:18.490+03:00 TRACE 4041 --- [learning-platform] [           main] org.hibernate.orm.jdbc.bind              : binding parameter (2:BIGINT) <- [5]
2025-11-08T22:58:18.490+03:00 DEBUG 4041 --- [learning-platform] [           main] org.hibernate.SQL                        : 
    insert 
    into
        course_tags
        (course_id, tag_id) 
    values
        (?, ?)
Hibernate: 
    insert 
    into
        course_tags
        (course_id, tag_id) 
    values
        (?, ?)
2025-11-08T22:58:18.490+03:00 TRACE 4041 --- [learning-platform] [           main] org.hibernate.orm.jdbc.bind              : binding parameter (1:BIGINT) <- [1]
2025-11-08T22:58:18.490+03:00 TRACE 4041 --- [learning-platform] [           main] org.hibernate.orm.jdbc.bind              : binding parameter (2:BIGINT) <- [1]
2025-11-08T22:58:18.491+03:00 DEBUG 4041 --- [learning-platform] [           main] org.hibernate.SQL                        : 
    insert 
    into
        courses
        (category_id, description, duration, end_date, is_published, price, start_date, teacher_id, title, id) 
    values
        (?, ?, ?, ?, ?, ?, ?, ?, ?, default)
Hibernate: 
    insert 
    into
        courses
        (category_id, description, duration, end_date, is_published, price, start_date, teacher_id, title, id) 
    values
        (?, ?, ?, ?, ?, ?, ?, ?, ?, default)
2025-11-08T22:58:18.491+03:00 TRACE 4041 --- [learning-platform] [           main] org.hibernate.orm.jdbc.bind              : binding parameter (1:BIGINT) <- [1]
2025-11-08T22:58:18.491+03:00 TRACE 4041 --- [learning-platform] [           main] org.hibernate.orm.jdbc.bind              : binding parameter (2:VARCHAR) <- [Build modern web applications with Spring Boot]
2025-11-08T22:58:18.491+03:00 TRACE 4041 --- [learning-platform] [           main] org.hibernate.orm.jdbc.bind              : binding parameter (3:INTEGER) <- [80]
2025-11-08T22:58:18.491+03:00 TRACE 4041 --- [learning-platform] [           main] org.hibernate.orm.jdbc.bind              : binding parameter (4:DATE) <- [2026-07-08]
2025-11-08T22:58:18.491+03:00 TRACE 4041 --- [learning-platform] [           main] org.hibernate.orm.jdbc.bind              : binding parameter (5:BOOLEAN) <- [true]
2025-11-08T22:58:18.491+03:00 TRACE 4041 --- [learning-platform] [           main] org.hibernate.orm.jdbc.bind              : binding parameter (6:NUMERIC) <- [199.99]
2025-11-08T22:58:18.491+03:00 TRACE 4041 --- [learning-platform] [           main] org.hibernate.orm.jdbc.bind              : binding parameter (7:DATE) <- [2025-11-15]
2025-11-08T22:58:18.491+03:00 TRACE 4041 --- [learning-platform] [           main] org.hibernate.orm.jdbc.bind              : binding parameter (8:BIGINT) <- [3]
2025-11-08T22:58:18.491+03:00 TRACE 4041 --- [learning-platform] [           main] org.hibernate.orm.jdbc.bind              : binding parameter (9:VARCHAR) <- [Spring Boot Masterclass]
2025-11-08T22:58:18.492+03:00 DEBUG 4041 --- [learning-platform] [           main] org.hibernate.SQL                        : 
    insert 
    into
        course_tags
        (course_id, tag_id) 
    values
        (?, ?)
Hibernate: 
    insert 
    into
        course_tags
        (course_id, tag_id) 
    values
        (?, ?)
2025-11-08T22:58:18.492+03:00 TRACE 4041 --- [learning-platform] [           main] org.hibernate.orm.jdbc.bind              : binding parameter (1:BIGINT) <- [2]
2025-11-08T22:58:18.492+03:00 TRACE 4041 --- [learning-platform] [           main] org.hibernate.orm.jdbc.bind              : binding parameter (2:BIGINT) <- [1]
2025-11-08T22:58:18.492+03:00 DEBUG 4041 --- [learning-platform] [           main] org.hibernate.SQL                        : 
    insert 
    into
        course_tags
        (course_id, tag_id) 
    values
        (?, ?)
Hibernate: 
    insert 
    into
        course_tags
        (course_id, tag_id) 
    values
        (?, ?)
2025-11-08T22:58:18.492+03:00 TRACE 4041 --- [learning-platform] [           main] org.hibernate.orm.jdbc.bind              : binding parameter (1:BIGINT) <- [2]
2025-11-08T22:58:18.492+03:00 TRACE 4041 --- [learning-platform] [           main] org.hibernate.orm.jdbc.bind              : binding parameter (2:BIGINT) <- [4]
2025-11-08T22:58:18.492+03:00 DEBUG 4041 --- [learning-platform] [           main] org.hibernate.SQL                        : 
    insert 
    into
        course_tags
        (course_id, tag_id) 
    values
        (?, ?)
Hibernate: 
    insert 
    into
        course_tags
        (course_id, tag_id) 
    values
        (?, ?)
2025-11-08T22:58:18.493+03:00 TRACE 4041 --- [learning-platform] [           main] org.hibernate.orm.jdbc.bind              : binding parameter (1:BIGINT) <- [2]
2025-11-08T22:58:18.493+03:00 TRACE 4041 --- [learning-platform] [           main] org.hibernate.orm.jdbc.bind              : binding parameter (2:BIGINT) <- [2]
2025-11-08T22:58:18.493+03:00 DEBUG 4041 --- [learning-platform] [           main] org.hibernate.SQL                        : 
    insert 
    into
        course_tags
        (course_id, tag_id) 
    values
        (?, ?)
Hibernate: 
    insert 
    into
        course_tags
        (course_id, tag_id) 
    values
        (?, ?)
2025-11-08T22:58:18.493+03:00 TRACE 4041 --- [learning-platform] [           main] org.hibernate.orm.jdbc.bind              : binding parameter (1:BIGINT) <- [2]
2025-11-08T22:58:18.493+03:00 TRACE 4041 --- [learning-platform] [           main] org.hibernate.orm.jdbc.bind              : binding parameter (2:BIGINT) <- [6]
2025-11-08T22:58:18.494+03:00 DEBUG 4041 --- [learning-platform] [           main] org.hibernate.SQL                        : 
    insert 
    into
        courses
        (category_id, description, duration, end_date, is_published, price, start_date, teacher_id, title, id) 
    values
        (?, ?, ?, ?, ?, ?, ?, ?, ?, default)
Hibernate: 
    insert 
    into
        courses
        (category_id, description, duration, end_date, is_published, price, start_date, teacher_id, title, id) 
    values
        (?, ?, ?, ?, ?, ?, ?, ?, ?, default)
2025-11-08T22:58:18.494+03:00 TRACE 4041 --- [learning-platform] [           main] org.hibernate.orm.jdbc.bind              : binding parameter (1:BIGINT) <- [1]
2025-11-08T22:58:18.494+03:00 TRACE 4041 --- [learning-platform] [           main] org.hibernate.orm.jdbc.bind              : binding parameter (2:VARCHAR) <- [Data analysis and machine learning with Python]
2025-11-08T22:58:18.494+03:00 TRACE 4041 --- [learning-platform] [           main] org.hibernate.orm.jdbc.bind              : binding parameter (3:INTEGER) <- [70]
2025-11-08T22:58:18.494+03:00 TRACE 4041 --- [learning-platform] [           main] org.hibernate.orm.jdbc.bind              : binding parameter (4:DATE) <- [2026-06-08]
2025-11-08T22:58:18.494+03:00 TRACE 4041 --- [learning-platform] [           main] org.hibernate.orm.jdbc.bind              : binding parameter (5:BOOLEAN) <- [false]
2025-11-08T22:58:18.494+03:00 TRACE 4041 --- [learning-platform] [           main] org.hibernate.orm.jdbc.bind              : binding parameter (6:NUMERIC) <- [179.99]
2025-11-08T22:58:18.494+03:00 TRACE 4041 --- [learning-platform] [           main] org.hibernate.orm.jdbc.bind              : binding parameter (7:DATE) <- [2025-11-22]
2025-11-08T22:58:18.494+03:00 TRACE 4041 --- [learning-platform] [           main] org.hibernate.orm.jdbc.bind              : binding parameter (8:BIGINT) <- [2]
2025-11-08T22:58:18.494+03:00 TRACE 4041 --- [learning-platform] [           main] org.hibernate.orm.jdbc.bind              : binding parameter (9:VARCHAR) <- [Python for Data Science]
2025-11-08T22:58:18.495+03:00 DEBUG 4041 --- [learning-platform] [           main] org.hibernate.SQL                        : 
    insert 
    into
        course_tags
        (course_id, tag_id) 
    values
        (?, ?)
Hibernate: 
    insert 
    into
        course_tags
        (course_id, tag_id) 
    values
        (?, ?)
2025-11-08T22:58:18.495+03:00 TRACE 4041 --- [learning-platform] [           main] org.hibernate.orm.jdbc.bind              : binding parameter (1:BIGINT) <- [3]
2025-11-08T22:58:18.495+03:00 TRACE 4041 --- [learning-platform] [           main] org.hibernate.orm.jdbc.bind              : binding parameter (2:BIGINT) <- [5]
2025-11-08T22:58:18.495+03:00 DEBUG 4041 --- [learning-platform] [           main] org.hibernate.SQL                        : 
    insert 
    into
        course_tags
        (course_id, tag_id) 
    values
        (?, ?)
Hibernate: 
    insert 
    into
        course_tags
        (course_id, tag_id) 
    values
        (?, ?)
2025-11-08T22:58:18.495+03:00 TRACE 4041 --- [learning-platform] [           main] org.hibernate.orm.jdbc.bind              : binding parameter (1:BIGINT) <- [3]
2025-11-08T22:58:18.495+03:00 TRACE 4041 --- [learning-platform] [           main] org.hibernate.orm.jdbc.bind              : binding parameter (2:BIGINT) <- [3]
2025-11-08T22:58:18.497+03:00 DEBUG 4041 --- [learning-platform] [           main] org.hibernate.SQL                        : 
    insert 
    into
        modules
        (course_id, description, order_index, title, id) 
    values
        (?, ?, ?, ?, default)
Hibernate: 
    insert 
    into
        modules
        (course_id, description, order_index, title, id) 
    values
        (?, ?, ?, ?, default)
2025-11-08T22:58:18.497+03:00 TRACE 4041 --- [learning-platform] [           main] org.hibernate.orm.jdbc.bind              : binding parameter (1:BIGINT) <- [1]
2025-11-08T22:58:18.497+03:00 TRACE 4041 --- [learning-platform] [           main] org.hibernate.orm.jdbc.bind              : binding parameter (2:VARCHAR) <- [Java basics and setup]
2025-11-08T22:58:18.497+03:00 TRACE 4041 --- [learning-platform] [           main] org.hibernate.orm.jdbc.bind              : binding parameter (3:INTEGER) <- [1]
2025-11-08T22:58:18.497+03:00 TRACE 4041 --- [learning-platform] [           main] org.hibernate.orm.jdbc.bind              : binding parameter (4:VARCHAR) <- [Introduction to Java]
2025-11-08T22:58:18.499+03:00 DEBUG 4041 --- [learning-platform] [           main] org.hibernate.SQL                        : 
    insert 
    into
        lessons
        (content, module_id, order_index, title, video_url, id) 
    values
        (?, ?, ?, ?, ?, default)
Hibernate: 
    insert 
    into
        lessons
        (content, module_id, order_index, title, video_url, id) 
    values
        (?, ?, ?, ?, ?, default)
2025-11-08T22:58:18.499+03:00 TRACE 4041 --- [learning-platform] [           main] org.hibernate.orm.jdbc.bind              : binding parameter (1:VARCHAR) <- [Java is a popular programming language...]
2025-11-08T22:58:18.499+03:00 TRACE 4041 --- [learning-platform] [           main] org.hibernate.orm.jdbc.bind              : binding parameter (2:BIGINT) <- [1]
2025-11-08T22:58:18.500+03:00 TRACE 4041 --- [learning-platform] [           main] org.hibernate.orm.jdbc.bind              : binding parameter (3:INTEGER) <- [1]
2025-11-08T22:58:18.500+03:00 TRACE 4041 --- [learning-platform] [           main] org.hibernate.orm.jdbc.bind              : binding parameter (4:VARCHAR) <- [What is Java?]
2025-11-08T22:58:18.500+03:00 TRACE 4041 --- [learning-platform] [           main] org.hibernate.orm.jdbc.bind              : binding parameter (5:VARCHAR) <- [https://example.com/video1]
2025-11-08T22:58:18.500+03:00 DEBUG 4041 --- [learning-platform] [           main] org.hibernate.SQL                        : 
    insert 
    into
        lessons
        (content, module_id, order_index, title, video_url, id) 
    values
        (?, ?, ?, ?, ?, default)
Hibernate: 
    insert 
    into
        lessons
        (content, module_id, order_index, title, video_url, id) 
    values
        (?, ?, ?, ?, ?, default)
2025-11-08T22:58:18.501+03:00 TRACE 4041 --- [learning-platform] [           main] org.hibernate.orm.jdbc.bind              : binding parameter (1:VARCHAR) <- [Install JDK and IDE...]
2025-11-08T22:58:18.501+03:00 TRACE 4041 --- [learning-platform] [           main] org.hibernate.orm.jdbc.bind              : binding parameter (2:BIGINT) <- [1]
2025-11-08T22:58:18.501+03:00 TRACE 4041 --- [learning-platform] [           main] org.hibernate.orm.jdbc.bind              : binding parameter (3:INTEGER) <- [2]
2025-11-08T22:58:18.501+03:00 TRACE 4041 --- [learning-platform] [           main] org.hibernate.orm.jdbc.bind              : binding parameter (4:VARCHAR) <- [Setting up Development Environment]
2025-11-08T22:58:18.501+03:00 TRACE 4041 --- [learning-platform] [           main] org.hibernate.orm.jdbc.bind              : binding parameter (5:VARCHAR) <- [https://example.com/video2]
2025-11-08T22:58:18.501+03:00 DEBUG 4041 --- [learning-platform] [           main] org.hibernate.SQL                        : 
    insert 
    into
        modules
        (course_id, description, order_index, title, id) 
    values
        (?, ?, ?, ?, default)
Hibernate: 
    insert 
    into
        modules
        (course_id, description, order_index, title, id) 
    values
        (?, ?, ?, ?, default)
2025-11-08T22:58:18.501+03:00 TRACE 4041 --- [learning-platform] [           main] org.hibernate.orm.jdbc.bind              : binding parameter (1:BIGINT) <- [1]
2025-11-08T22:58:18.501+03:00 TRACE 4041 --- [learning-platform] [           main] org.hibernate.orm.jdbc.bind              : binding parameter (2:VARCHAR) <- [OOP concepts in Java]
2025-11-08T22:58:18.502+03:00 TRACE 4041 --- [learning-platform] [           main] org.hibernate.orm.jdbc.bind              : binding parameter (3:INTEGER) <- [2]
2025-11-08T22:58:18.502+03:00 TRACE 4041 --- [learning-platform] [           main] org.hibernate.orm.jdbc.bind              : binding parameter (4:VARCHAR) <- [Object-Oriented Programming]
2025-11-08T22:58:18.502+03:00 DEBUG 4041 --- [learning-platform] [           main] org.hibernate.SQL                        : 
    insert 
    into
        lessons
        (content, module_id, order_index, title, video_url, id) 
    values
        (?, ?, ?, ?, ?, default)
Hibernate: 
    insert 
    into
        lessons
        (content, module_id, order_index, title, video_url, id) 
    values
        (?, ?, ?, ?, ?, default)
2025-11-08T22:58:18.502+03:00 TRACE 4041 --- [learning-platform] [           main] org.hibernate.orm.jdbc.bind              : binding parameter (1:VARCHAR) <- [Understanding classes and objects...]
2025-11-08T22:58:18.503+03:00 TRACE 4041 --- [learning-platform] [           main] org.hibernate.orm.jdbc.bind              : binding parameter (2:BIGINT) <- [2]
2025-11-08T22:58:18.503+03:00 TRACE 4041 --- [learning-platform] [           main] org.hibernate.orm.jdbc.bind              : binding parameter (3:INTEGER) <- [1]
2025-11-08T22:58:18.503+03:00 TRACE 4041 --- [learning-platform] [           main] org.hibernate.orm.jdbc.bind              : binding parameter (4:VARCHAR) <- [Classes and Objects]
2025-11-08T22:58:18.503+03:00 TRACE 4041 --- [learning-platform] [           main] org.hibernate.orm.jdbc.bind              : binding parameter (5:VARCHAR) <- [https://example.com/video3]
2025-11-08T22:58:18.505+03:00 DEBUG 4041 --- [learning-platform] [           main] org.hibernate.SQL                        : 
    insert 
    into
        assignments
        (description, due_date, lesson_id, max_score, title, id) 
    values
        (?, ?, ?, ?, ?, default)
Hibernate: 
    insert 
    into
        assignments
        (description, due_date, lesson_id, max_score, title, id) 
    values
        (?, ?, ?, ?, ?, default)
2025-11-08T22:58:18.505+03:00 TRACE 4041 --- [learning-platform] [           main] org.hibernate.orm.jdbc.bind              : binding parameter (1:VARCHAR) <- [Write a simple Hello World program]
2025-11-08T22:58:18.505+03:00 TRACE 4041 --- [learning-platform] [           main] org.hibernate.orm.jdbc.bind              : binding parameter (2:TIMESTAMP) <- [2025-11-15T22:58:18.503602]
2025-11-08T22:58:18.505+03:00 TRACE 4041 --- [learning-platform] [           main] org.hibernate.orm.jdbc.bind              : binding parameter (3:BIGINT) <- [3]
2025-11-08T22:58:18.505+03:00 TRACE 4041 --- [learning-platform] [           main] org.hibernate.orm.jdbc.bind              : binding parameter (4:INTEGER) <- [100]
2025-11-08T22:58:18.505+03:00 TRACE 4041 --- [learning-platform] [           main] org.hibernate.orm.jdbc.bind              : binding parameter (5:VARCHAR) <- [First Java Program]
2025-11-08T22:58:18.507+03:00 DEBUG 4041 --- [learning-platform] [           main] org.hibernate.SQL                        : 
    insert 
    into
        enrollments
        (course_id, enroll_date, progress, status, student_id, id) 
    values
        (?, ?, ?, ?, ?, default)
Hibernate: 
    insert 
    into
        enrollments
        (course_id, enroll_date, progress, status, student_id, id) 
    values
        (?, ?, ?, ?, ?, default)
2025-11-08T22:58:18.507+03:00 TRACE 4041 --- [learning-platform] [           main] org.hibernate.orm.jdbc.bind              : binding parameter (1:BIGINT) <- [1]
2025-11-08T22:58:18.507+03:00 TRACE 4041 --- [learning-platform] [           main] org.hibernate.orm.jdbc.bind              : binding parameter (2:TIMESTAMP) <- [2025-11-08T22:58:18.506409]
2025-11-08T22:58:18.507+03:00 TRACE 4041 --- [learning-platform] [           main] org.hibernate.orm.jdbc.bind              : binding parameter (3:INTEGER) <- [25]
2025-11-08T22:58:18.507+03:00 TRACE 4041 --- [learning-platform] [           main] org.hibernate.orm.jdbc.bind              : binding parameter (4:VARCHAR) <- [ACTIVE]
2025-11-08T22:58:18.507+03:00 TRACE 4041 --- [learning-platform] [           main] org.hibernate.orm.jdbc.bind              : binding parameter (5:BIGINT) <- [4]
2025-11-08T22:58:18.508+03:00 DEBUG 4041 --- [learning-platform] [           main] org.hibernate.SQL                        : 
    insert 
    into
        enrollments
        (course_id, enroll_date, progress, status, student_id, id) 
    values
        (?, ?, ?, ?, ?, default)
Hibernate: 
    insert 
    into
        enrollments
        (course_id, enroll_date, progress, status, student_id, id) 
    values
        (?, ?, ?, ?, ?, default)
2025-11-08T22:58:18.508+03:00 TRACE 4041 --- [learning-platform] [           main] org.hibernate.orm.jdbc.bind              : binding parameter (1:BIGINT) <- [1]
2025-11-08T22:58:18.508+03:00 TRACE 4041 --- [learning-platform] [           main] org.hibernate.orm.jdbc.bind              : binding parameter (2:TIMESTAMP) <- [2025-11-08T22:58:18.508561]
2025-11-08T22:58:18.508+03:00 TRACE 4041 --- [learning-platform] [           main] org.hibernate.orm.jdbc.bind              : binding parameter (3:INTEGER) <- [50]
2025-11-08T22:58:18.508+03:00 TRACE 4041 --- [learning-platform] [           main] org.hibernate.orm.jdbc.bind              : binding parameter (4:VARCHAR) <- [ACTIVE]
2025-11-08T22:58:18.508+03:00 TRACE 4041 --- [learning-platform] [           main] org.hibernate.orm.jdbc.bind              : binding parameter (5:BIGINT) <- [5]
2025-11-08T22:58:18.509+03:00 DEBUG 4041 --- [learning-platform] [           main] org.hibernate.SQL                        : 
    insert 
    into
        enrollments
        (course_id, enroll_date, progress, status, student_id, id) 
    values
        (?, ?, ?, ?, ?, default)
Hibernate: 
    insert 
    into
        enrollments
        (course_id, enroll_date, progress, status, student_id, id) 
    values
        (?, ?, ?, ?, ?, default)
2025-11-08T22:58:18.509+03:00 TRACE 4041 --- [learning-platform] [           main] org.hibernate.orm.jdbc.bind              : binding parameter (1:BIGINT) <- [2]
2025-11-08T22:58:18.509+03:00 TRACE 4041 --- [learning-platform] [           main] org.hibernate.orm.jdbc.bind              : binding parameter (2:TIMESTAMP) <- [2025-11-08T22:58:18.509361]
2025-11-08T22:58:18.509+03:00 TRACE 4041 --- [learning-platform] [           main] org.hibernate.orm.jdbc.bind              : binding parameter (3:INTEGER) <- [10]
2025-11-08T22:58:18.509+03:00 TRACE 4041 --- [learning-platform] [           main] org.hibernate.orm.jdbc.bind              : binding parameter (4:VARCHAR) <- [ACTIVE]
2025-11-08T22:58:18.509+03:00 TRACE 4041 --- [learning-platform] [           main] org.hibernate.orm.jdbc.bind              : binding parameter (5:BIGINT) <- [4]
2025-11-08T22:58:18.509+03:00  INFO 4041 --- [learning-platform] [           main] c.e.learningplatform.config.DataLoader   : Demo data loaded successfully!
2025-11-08T22:58:18.826+03:00 DEBUG 4041 --- [learning-platform] [           main] org.hibernate.SQL                        : 
    select
        u1_0.id 
    from
        users u1_0 
    where
        u1_0.email=? 
    fetch
        first ? rows only
Hibernate: 
    select
        u1_0.id 
    from
        users u1_0 
    where
        u1_0.email=? 
    fetch
        first ? rows only
2025-11-08T22:58:18.826+03:00 TRACE 4041 --- [learning-platform] [           main] org.hibernate.orm.jdbc.bind              : binding parameter (1:VARCHAR) <- [john.doe@example.com]
2025-11-08T22:58:18.826+03:00 TRACE 4041 --- [learning-platform] [           main] org.hibernate.orm.jdbc.bind              : binding parameter (2:INTEGER) <- [1]
2025-11-08T22:58:18.827+03:00 DEBUG 4041 --- [learning-platform] [           main] org.hibernate.SQL                        : 
    insert 
    into
        users
        (created_at, email, name, phone, role, id) 
    values
        (?, ?, ?, ?, ?, default)
Hibernate: 
    insert 
    into
        users
        (created_at, email, name, phone, role, id) 
    values
        (?, ?, ?, ?, ?, default)
2025-11-08T22:58:18.827+03:00 TRACE 4041 --- [learning-platform] [           main] org.hibernate.orm.jdbc.bind              : binding parameter (1:TIMESTAMP) <- [2025-11-08T22:58:18.827165]
2025-11-08T22:58:18.827+03:00 TRACE 4041 --- [learning-platform] [           main] org.hibernate.orm.jdbc.bind              : binding parameter (2:VARCHAR) <- [john.doe@example.com]
2025-11-08T22:58:18.827+03:00 TRACE 4041 --- [learning-platform] [           main] org.hibernate.orm.jdbc.bind              : binding parameter (3:VARCHAR) <- [John Doe]
2025-11-08T22:58:18.827+03:00 TRACE 4041 --- [learning-platform] [           main] org.hibernate.orm.jdbc.bind              : binding parameter (4:VARCHAR) <- [+1234567890]
2025-11-08T22:58:18.827+03:00 TRACE 4041 --- [learning-platform] [           main] org.hibernate.orm.jdbc.bind              : binding parameter (5:VARCHAR) <- [STUDENT]
2025-11-08T22:58:18.828+03:00  INFO 4041 --- [learning-platform] [           main] c.e.l.service.UserService                : Created user with id: 6
2025-11-08T22:58:18.831+03:00  INFO 4041 --- [learning-platform] [           main] c.e.l.service.UserService                : Updated user with id: 6
]]></system-out>
    <system-err><![CDATA[WARNING: A Java agent has been loaded dynamically (/Users/alladavletshina/.m2/repository/net/bytebuddy/byte-buddy-agent/1.14.10/byte-buddy-agent-1.14.10.jar)
WARNING: If a serviceability tool is in use, please run with -XX:+EnableDynamicAgentLoading to hide this warning
WARNING: If a serviceability tool is not in use, please run with -Djdk.instrument.traceUsage for more information
WARNING: Dynamic loading of agents will be disallowed by default in a future release
]]></system-err>
  </testcase>
  <testcase name="getUserById_WhenUserNotExists_ShouldThrowException" classname="com.example.learningplatform.config.UserServiceIntegrationTest" time="0.005">
    <system-out><![CDATA[2025-11-08T22:58:18.844+03:00 DEBUG 4041 --- [learning-platform] [           main] org.hibernate.SQL                        : 
    select
        u1_0.id,
        u1_0.created_at,
        u1_0.email,
        u1_0.name,
        u1_0.phone,
        u1_0.role 
    from
        users u1_0 
    where
        u1_0.id=?
Hibernate: 
    select
        u1_0.id,
        u1_0.created_at,
        u1_0.email,
        u1_0.name,
        u1_0.phone,
        u1_0.role 
    from
        users u1_0 
    where
        u1_0.id=?
2025-11-08T22:58:18.844+03:00 TRACE 4041 --- [learning-platform] [           main] org.hibernate.orm.jdbc.bind              : binding parameter (1:BIGINT) <- [999]
]]></system-out>
  </testcase>
  <testcase name="createUser_ShouldCreateUserSuccessfully" classname="com.example.learningplatform.config.UserServiceIntegrationTest" time="0.005">
    <system-out><![CDATA[2025-11-08T22:58:18.848+03:00 DEBUG 4041 --- [learning-platform] [           main] org.hibernate.SQL                        : 
    select
        u1_0.id 
    from
        users u1_0 
    where
        u1_0.email=? 
    fetch
        first ? rows only
Hibernate: 
    select
        u1_0.id 
    from
        users u1_0 
    where
        u1_0.email=? 
    fetch
        first ? rows only
2025-11-08T22:58:18.848+03:00 TRACE 4041 --- [learning-platform] [           main] org.hibernate.orm.jdbc.bind              : binding parameter (1:VARCHAR) <- [john.doe@example.com]
2025-11-08T22:58:18.848+03:00 TRACE 4041 --- [learning-platform] [           main] org.hibernate.orm.jdbc.bind              : binding parameter (2:INTEGER) <- [1]
2025-11-08T22:58:18.849+03:00 DEBUG 4041 --- [learning-platform] [           main] org.hibernate.SQL                        : 
    insert 
    into
        users
        (created_at, email, name, phone, role, id) 
    values
        (?, ?, ?, ?, ?, default)
Hibernate: 
    insert 
    into
        users
        (created_at, email, name, phone, role, id) 
    values
        (?, ?, ?, ?, ?, default)
2025-11-08T22:58:18.849+03:00 TRACE 4041 --- [learning-platform] [           main] org.hibernate.orm.jdbc.bind              : binding parameter (1:TIMESTAMP) <- [2025-11-08T22:58:18.849094]
2025-11-08T22:58:18.849+03:00 TRACE 4041 --- [learning-platform] [           main] org.hibernate.orm.jdbc.bind              : binding parameter (2:VARCHAR) <- [john.doe@example.com]
2025-11-08T22:58:18.849+03:00 TRACE 4041 --- [learning-platform] [           main] org.hibernate.orm.jdbc.bind              : binding parameter (3:VARCHAR) <- [John Doe]
2025-11-08T22:58:18.849+03:00 TRACE 4041 --- [learning-platform] [           main] org.hibernate.orm.jdbc.bind              : binding parameter (4:VARCHAR) <- [+1234567890]
2025-11-08T22:58:18.849+03:00 TRACE 4041 --- [learning-platform] [           main] org.hibernate.orm.jdbc.bind              : binding parameter (5:VARCHAR) <- [STUDENT]
2025-11-08T22:58:18.850+03:00  INFO 4041 --- [learning-platform] [           main] c.e.l.service.UserService                : Created user with id: 7
]]></system-out>
  </testcase>
  <testcase name="getUserById_WhenUserExists_ShouldReturnUser" classname="com.example.learningplatform.config.UserServiceIntegrationTest" time="0.004">
    <system-out><![CDATA[2025-11-08T22:58:18.853+03:00 DEBUG 4041 --- [learning-platform] [           main] org.hibernate.SQL                        : 
    select
        u1_0.id 
    from
        users u1_0 
    where
        u1_0.email=? 
    fetch
        first ? rows only
Hibernate: 
    select
        u1_0.id 
    from
        users u1_0 
    where
        u1_0.email=? 
    fetch
        first ? rows only
2025-11-08T22:58:18.854+03:00 TRACE 4041 --- [learning-platform] [           main] org.hibernate.orm.jdbc.bind              : binding parameter (1:VARCHAR) <- [john.doe@example.com]
2025-11-08T22:58:18.854+03:00 TRACE 4041 --- [learning-platform] [           main] org.hibernate.orm.jdbc.bind              : binding parameter (2:INTEGER) <- [1]
2025-11-08T22:58:18.854+03:00 DEBUG 4041 --- [learning-platform] [           main] org.hibernate.SQL                        : 
    insert 
    into
        users
        (created_at, email, name, phone, role, id) 
    values
        (?, ?, ?, ?, ?, default)
Hibernate: 
    insert 
    into
        users
        (created_at, email, name, phone, role, id) 
    values
        (?, ?, ?, ?, ?, default)
2025-11-08T22:58:18.854+03:00 TRACE 4041 --- [learning-platform] [           main] org.hibernate.orm.jdbc.bind              : binding parameter (1:TIMESTAMP) <- [2025-11-08T22:58:18.854438]
2025-11-08T22:58:18.854+03:00 TRACE 4041 --- [learning-platform] [           main] org.hibernate.orm.jdbc.bind              : binding parameter (2:VARCHAR) <- [john.doe@example.com]
2025-11-08T22:58:18.854+03:00 TRACE 4041 --- [learning-platform] [           main] org.hibernate.orm.jdbc.bind              : binding parameter (3:VARCHAR) <- [John Doe]
2025-11-08T22:58:18.854+03:00 TRACE 4041 --- [learning-platform] [           main] org.hibernate.orm.jdbc.bind              : binding parameter (4:VARCHAR) <- [+1234567890]
2025-11-08T22:58:18.854+03:00 TRACE 4041 --- [learning-platform] [           main] org.hibernate.orm.jdbc.bind              : binding parameter (5:VARCHAR) <- [STUDENT]
2025-11-08T22:58:18.855+03:00  INFO 4041 --- [learning-platform] [           main] c.e.l.service.UserService                : Created user with id: 8
]]></system-out>
  </testcase>
  <testcase name="createUser_WithDuplicateEmail_ShouldThrowException" classname="com.example.learningplatform.config.UserServiceIntegrationTest" time="0.007">
    <system-out><![CDATA[2025-11-08T22:58:18.858+03:00 DEBUG 4041 --- [learning-platform] [           main] org.hibernate.SQL                        : 
    select
        u1_0.id 
    from
        users u1_0 
    where
        u1_0.email=? 
    fetch
        first ? rows only
Hibernate: 
    select
        u1_0.id 
    from
        users u1_0 
    where
        u1_0.email=? 
    fetch
        first ? rows only
2025-11-08T22:58:18.858+03:00 TRACE 4041 --- [learning-platform] [           main] org.hibernate.orm.jdbc.bind              : binding parameter (1:VARCHAR) <- [john.doe@example.com]
2025-11-08T22:58:18.858+03:00 TRACE 4041 --- [learning-platform] [           main] org.hibernate.orm.jdbc.bind              : binding parameter (2:INTEGER) <- [1]
2025-11-08T22:58:18.859+03:00 DEBUG 4041 --- [learning-platform] [           main] org.hibernate.SQL                        : 
    insert 
    into
        users
        (created_at, email, name, phone, role, id) 
    values
        (?, ?, ?, ?, ?, default)
Hibernate: 
    insert 
    into
        users
        (created_at, email, name, phone, role, id) 
    values
        (?, ?, ?, ?, ?, default)
2025-11-08T22:58:18.859+03:00 TRACE 4041 --- [learning-platform] [           main] org.hibernate.orm.jdbc.bind              : binding parameter (1:TIMESTAMP) <- [2025-11-08T22:58:18.859085]
2025-11-08T22:58:18.859+03:00 TRACE 4041 --- [learning-platform] [           main] org.hibernate.orm.jdbc.bind              : binding parameter (2:VARCHAR) <- [john.doe@example.com]
2025-11-08T22:58:18.859+03:00 TRACE 4041 --- [learning-platform] [           main] org.hibernate.orm.jdbc.bind              : binding parameter (3:VARCHAR) <- [John Doe]
2025-11-08T22:58:18.859+03:00 TRACE 4041 --- [learning-platform] [           main] org.hibernate.orm.jdbc.bind              : binding parameter (4:VARCHAR) <- [+1234567890]
2025-11-08T22:58:18.859+03:00 TRACE 4041 --- [learning-platform] [           main] org.hibernate.orm.jdbc.bind              : binding parameter (5:VARCHAR) <- [STUDENT]
2025-11-08T22:58:18.860+03:00  INFO 4041 --- [learning-platform] [           main] c.e.l.service.UserService                : Created user with id: 9
2025-11-08T22:58:18.861+03:00 DEBUG 4041 --- [learning-platform] [           main] org.hibernate.SQL                        : 
    select
        u1_0.id 
    from
        users u1_0 
    where
        u1_0.email=? 
    fetch
        first ? rows only
Hibernate: 
    select
        u1_0.id 
    from
        users u1_0 
    where
        u1_0.email=? 
    fetch
        first ? rows only
2025-11-08T22:58:18.861+03:00 TRACE 4041 --- [learning-platform] [           main] org.hibernate.orm.jdbc.bind              : binding parameter (1:VARCHAR) <- [john.doe@example.com]
2025-11-08T22:58:18.861+03:00 TRACE 4041 --- [learning-platform] [           main] org.hibernate.orm.jdbc.bind              : binding parameter (2:INTEGER) <- [1]
]]></system-out>
  </testcase>
  <testcase name="deleteUser_ShouldDeleteUserSuccessfully" classname="com.example.learningplatform.config.UserServiceIntegrationTest" time="0.012">
    <system-out><![CDATA[2025-11-08T22:58:18.866+03:00 DEBUG 4041 --- [learning-platform] [           main] org.hibernate.SQL                        : 
    select
        u1_0.id 
    from
        users u1_0 
    where
        u1_0.email=? 
    fetch
        first ? rows only
Hibernate: 
    select
        u1_0.id 
    from
        users u1_0 
    where
        u1_0.email=? 
    fetch
        first ? rows only
2025-11-08T22:58:18.866+03:00 TRACE 4041 --- [learning-platform] [           main] org.hibernate.orm.jdbc.bind              : binding parameter (1:VARCHAR) <- [john.doe@example.com]
2025-11-08T22:58:18.866+03:00 TRACE 4041 --- [learning-platform] [           main] org.hibernate.orm.jdbc.bind              : binding parameter (2:INTEGER) <- [1]
2025-11-08T22:58:18.867+03:00 DEBUG 4041 --- [learning-platform] [           main] org.hibernate.SQL                        : 
    insert 
    into
        users
        (created_at, email, name, phone, role, id) 
    values
        (?, ?, ?, ?, ?, default)
Hibernate: 
    insert 
    into
        users
        (created_at, email, name, phone, role, id) 
    values
        (?, ?, ?, ?, ?, default)
2025-11-08T22:58:18.867+03:00 TRACE 4041 --- [learning-platform] [           main] org.hibernate.orm.jdbc.bind              : binding parameter (1:TIMESTAMP) <- [2025-11-08T22:58:18.866839]
2025-11-08T22:58:18.867+03:00 TRACE 4041 --- [learning-platform] [           main] org.hibernate.orm.jdbc.bind              : binding parameter (2:VARCHAR) <- [john.doe@example.com]
2025-11-08T22:58:18.867+03:00 TRACE 4041 --- [learning-platform] [           main] org.hibernate.orm.jdbc.bind              : binding parameter (3:VARCHAR) <- [John Doe]
2025-11-08T22:58:18.867+03:00 TRACE 4041 --- [learning-platform] [           main] org.hibernate.orm.jdbc.bind              : binding parameter (4:VARCHAR) <- [+1234567890]
2025-11-08T22:58:18.867+03:00 TRACE 4041 --- [learning-platform] [           main] org.hibernate.orm.jdbc.bind              : binding parameter (5:VARCHAR) <- [STUDENT]
2025-11-08T22:58:18.867+03:00  INFO 4041 --- [learning-platform] [           main] c.e.l.service.UserService                : Created user with id: 10
2025-11-08T22:58:18.869+03:00 DEBUG 4041 --- [learning-platform] [           main] org.hibernate.SQL                        : 
    select
        count(*) 
    from
        users u1_0 
    where
        u1_0.id=?
Hibernate: 
    select
        count(*) 
    from
        users u1_0 
    where
        u1_0.id=?
2025-11-08T22:58:18.869+03:00 TRACE 4041 --- [learning-platform] [           main] org.hibernate.orm.jdbc.bind              : binding parameter (1:BIGINT) <- [10]
2025-11-08T22:58:18.873+03:00  INFO 4041 --- [learning-platform] [           main] c.e.l.service.UserService                : Deleted user with id: 10
]]></system-out>
  </testcase>
</testsuite>