<?xml version="1.0" encoding="UTF-8"?>
<testsuite xmlns:xsi="http://www.w3.org/2001/XMLSchema-instance" xsi:noNamespaceSchemaLocation="https://maven.apache.org/surefire/maven-surefire-plugin/xsd/surefire-test-report-3.0.xsd" version="3.0" name="com.example.learningplatform.config.CourseServiceIntegrationTest" time="0.046" tests="3" errors="1" skipped="0" failures="0">
  <properties>
[...]
</properties>
  <testcase name="createCourse_ShouldCreateCourseSuccessfully" classname="com.example.learningplatform.config.CourseServiceIntegrationTest" time="0.016">
    <system-out><![CDATA[2025-11-08T22:58:18.877+03:00  INFO 4041 --- [learning-platform] [           main] t.c.s.AnnotationConfigContextLoaderUtils : Could not detect default configuration classes for test class [com.example.learningplatform.config.CourseServiceIntegrationTest]: CourseServiceIntegrationTest does not declare any static, non-private, non-final, nested classes annotated with @Configuration.
2025-11-08T22:58:18.878+03:00  INFO 4041 --- [learning-platform] [           main] .b.t.c.SpringBootTestContextBootstrapper : Found @SpringBootConfiguration com.example.learningplatform.LearningPlatformApplication for test class com.example.learningplatform.config.CourseServiceIntegrationTest
2025-11-08T22:58:18.881+03:00 DEBUG 4041 --- [learning-platform] [           main] org.hibernate.SQL                        : 
    insert 
    into
        users
        (created_at, email, name, phone, role, id) 
    values
        (?, ?, ?, ?, ?, default)
Hibernate: 
    insert 
    into
        users
        (created_at, email, name, phone, role, id) 
    values
        (?, ?, ?, ?, ?, default)
2025-11-08T22:58:18.882+03:00 TRACE 4041 --- [learning-platform] [           main] org.hibernate.orm.jdbc.bind              : binding parameter (1:TIMESTAMP) <- [2025-11-08T22:58:18.881603]
2025-11-08T22:58:18.882+03:00 TRACE 4041 --- [learning-platform] [           main] org.hibernate.orm.jdbc.bind              : binding parameter (2:VARCHAR) <- [professor@example.com]
2025-11-08T22:58:18.882+03:00 TRACE 4041 --- [learning-platform] [           main] org.hibernate.orm.jdbc.bind              : binding parameter (3:VARCHAR) <- [Professor X]
2025-11-08T22:58:18.882+03:00 TRACE 4041 --- [learning-platform] [           main] org.hibernate.orm.jdbc.bind              : binding parameter (4:VARCHAR) <- [null]
2025-11-08T22:58:18.882+03:00 TRACE 4041 --- [learning-platform] [           main] org.hibernate.orm.jdbc.bind              : binding parameter (5:VARCHAR) <- [TEACHER]
2025-11-08T22:58:18.882+03:00 DEBUG 4041 --- [learning-platform] [           main] org.hibernate.SQL                        : 
    insert 
    into
        categories
        (description, name, id) 
    values
        (?, ?, default)
Hibernate: 
    insert 
    into
        categories
        (description, name, id) 
    values
        (?, ?, default)
2025-11-08T22:58:18.882+03:00 TRACE 4041 --- [learning-platform] [           main] org.hibernate.orm.jdbc.bind              : binding parameter (1:VARCHAR) <- [Programming courses category]
2025-11-08T22:58:18.882+03:00 TRACE 4041 --- [learning-platform] [           main] org.hibernate.orm.jdbc.bind              : binding parameter (2:VARCHAR) <- [Programming Extreem]
2025-11-08T22:58:18.884+03:00 DEBUG 4041 --- [learning-platform] [           main] org.hibernate.SQL                        : 
    select
        t1_0.id,
        t1_0.name 
    from
        tags t1_0 
    where
        t1_0.name=?
Hibernate: 
    select
        t1_0.id,
        t1_0.name 
    from
        tags t1_0 
    where
        t1_0.name=?
2025-11-08T22:58:18.884+03:00 TRACE 4041 --- [learning-platform] [           main] org.hibernate.orm.jdbc.bind              : binding parameter (1:VARCHAR) <- [Java]
2025-11-08T22:58:18.888+03:00 DEBUG 4041 --- [learning-platform] [           main] org.hibernate.SQL                        : 
    select
        t1_0.id,
        t1_0.name 
    from
        tags t1_0 
    where
        t1_0.name=?
Hibernate: 
    select
        t1_0.id,
        t1_0.name 
    from
        tags t1_0 
    where
        t1_0.name=?
2025-11-08T22:58:18.888+03:00 TRACE 4041 --- [learning-platform] [           main] org.hibernate.orm.jdbc.bind              : binding parameter (1:VARCHAR) <- [Programming]
2025-11-08T22:58:18.889+03:00 DEBUG 4041 --- [learning-platform] [           main] org.hibernate.SQL                        : 
    insert 
    into
        tags
        (name, id) 
    values
        (?, default)
Hibernate: 
    insert 
    into
        tags
        (name, id) 
    values
        (?, default)
2025-11-08T22:58:18.889+03:00 TRACE 4041 --- [learning-platform] [           main] org.hibernate.orm.jdbc.bind              : binding parameter (1:VARCHAR) <- [Programming]
2025-11-08T22:58:18.890+03:00 DEBUG 4041 --- [learning-platform] [           main] org.hibernate.SQL                        : 
    select
        t1_0.id,
        t1_0.name 
    from
        tags t1_0 
    where
        t1_0.name=?
Hibernate: 
    select
        t1_0.id,
        t1_0.name 
    from
        tags t1_0 
    where
        t1_0.name=?
2025-11-08T22:58:18.891+03:00 TRACE 4041 --- [learning-platform] [           main] org.hibernate.orm.jdbc.bind              : binding parameter (1:VARCHAR) <- [Beginner]
2025-11-08T22:58:18.891+03:00 DEBUG 4041 --- [learning-platform] [           main] org.hibernate.SQL                        : 
    insert 
    into
        courses
        (category_id, description, duration, end_date, is_published, price, start_date, teacher_id, title, id) 
    values
        (?, ?, ?, ?, ?, ?, ?, ?, ?, default)
Hibernate: 
    insert 
    into
        courses
        (category_id, description, duration, end_date, is_published, price, start_date, teacher_id, title, id) 
    values
        (?, ?, ?, ?, ?, ?, ?, ?, ?, default)
2025-11-08T22:58:18.891+03:00 TRACE 4041 --- [learning-platform] [           main] org.hibernate.orm.jdbc.bind              : binding parameter (1:BIGINT) <- [4]
2025-11-08T22:58:18.891+03:00 TRACE 4041 --- [learning-platform] [           main] org.hibernate.orm.jdbc.bind              : binding parameter (2:VARCHAR) <- [Learn Java from scratch]
2025-11-08T22:58:18.891+03:00 TRACE 4041 --- [learning-platform] [           main] org.hibernate.orm.jdbc.bind              : binding parameter (3:INTEGER) <- [40]
2025-11-08T22:58:18.892+03:00 TRACE 4041 --- [learning-platform] [           main] org.hibernate.orm.jdbc.bind              : binding parameter (4:DATE) <- [2026-02-08]
2025-11-08T22:58:18.892+03:00 TRACE 4041 --- [learning-platform] [           main] org.hibernate.orm.jdbc.bind              : binding parameter (5:BOOLEAN) <- [false]
2025-11-08T22:58:18.892+03:00 TRACE 4041 --- [learning-platform] [           main] org.hibernate.orm.jdbc.bind              : binding parameter (6:NUMERIC) <- [99.99]
2025-11-08T22:58:18.892+03:00 TRACE 4041 --- [learning-platform] [           main] org.hibernate.orm.jdbc.bind              : binding parameter (7:DATE) <- [2025-11-09]
2025-11-08T22:58:18.892+03:00 TRACE 4041 --- [learning-platform] [           main] org.hibernate.orm.jdbc.bind              : binding parameter (8:BIGINT) <- [11]
2025-11-08T22:58:18.892+03:00 TRACE 4041 --- [learning-platform] [           main] org.hibernate.orm.jdbc.bind              : binding parameter (9:VARCHAR) <- [Java Programming]
2025-11-08T22:58:18.892+03:00  INFO 4041 --- [learning-platform] [           main] c.e.l.service.CourseService              : Created course with id: 4
]]></system-out>
  </testcase>
  <testcase name="publishCourse_ShouldUpdatePublishStatus" classname="com.example.learningplatform.config.CourseServiceIntegrationTest" time="0.015">
    <system-out><![CDATA[2025-11-08T22:58:18.899+03:00 DEBUG 4041 --- [learning-platform] [           main] org.hibernate.SQL                        : 
    insert 
    into
        users
        (created_at, email, name, phone, role, id) 
    values
        (?, ?, ?, ?, ?, default)
Hibernate: 
    insert 
    into
        users
        (created_at, email, name, phone, role, id) 
    values
        (?, ?, ?, ?, ?, default)
2025-11-08T22:58:18.899+03:00 TRACE 4041 --- [learning-platform] [           main] org.hibernate.orm.jdbc.bind              : binding parameter (1:TIMESTAMP) <- [2025-11-08T22:58:18.899074]
2025-11-08T22:58:18.899+03:00 TRACE 4041 --- [learning-platform] [           main] org.hibernate.orm.jdbc.bind              : binding parameter (2:VARCHAR) <- [professor@example.com]
2025-11-08T22:58:18.899+03:00 TRACE 4041 --- [learning-platform] [           main] org.hibernate.orm.jdbc.bind              : binding parameter (3:VARCHAR) <- [Professor X]
2025-11-08T22:58:18.899+03:00 TRACE 4041 --- [learning-platform] [           main] org.hibernate.orm.jdbc.bind              : binding parameter (4:VARCHAR) <- [null]
2025-11-08T22:58:18.899+03:00 TRACE 4041 --- [learning-platform] [           main] org.hibernate.orm.jdbc.bind              : binding parameter (5:VARCHAR) <- [TEACHER]
2025-11-08T22:58:18.900+03:00 DEBUG 4041 --- [learning-platform] [           main] org.hibernate.SQL                        : 
    insert 
    into
        categories
        (description, name, id) 
    values
        (?, ?, default)
Hibernate: 
    insert 
    into
        categories
        (description, name, id) 
    values
        (?, ?, default)
2025-11-08T22:58:18.900+03:00 TRACE 4041 --- [learning-platform] [           main] org.hibernate.orm.jdbc.bind              : binding parameter (1:VARCHAR) <- [Programming courses category]
2025-11-08T22:58:18.900+03:00 TRACE 4041 --- [learning-platform] [           main] org.hibernate.orm.jdbc.bind              : binding parameter (2:VARCHAR) <- [Programming Extreem]
2025-11-08T22:58:18.901+03:00 DEBUG 4041 --- [learning-platform] [           main] org.hibernate.SQL                        : 
    insert 
    into
        courses
        (category_id, description, duration, end_date, is_published, price, start_date, teacher_id, title, id) 
    values
        (?, ?, ?, ?, ?, ?, ?, ?, ?, default)
Hibernate: 
    insert 
    into
        courses
        (category_id, description, duration, end_date, is_published, price, start_date, teacher_id, title, id) 
    values
        (?, ?, ?, ?, ?, ?, ?, ?, ?, default)
2025-11-08T22:58:18.901+03:00 TRACE 4041 --- [learning-platform] [           main] org.hibernate.orm.jdbc.bind              : binding parameter (1:BIGINT) <- [5]
2025-11-08T22:58:18.901+03:00 TRACE 4041 --- [learning-platform] [           main] org.hibernate.orm.jdbc.bind              : binding parameter (2:VARCHAR) <- [Test Description]
2025-11-08T22:58:18.901+03:00 TRACE 4041 --- [learning-platform] [           main] org.hibernate.orm.jdbc.bind              : binding parameter (3:INTEGER) <- [null]
2025-11-08T22:58:18.901+03:00 TRACE 4041 --- [learning-platform] [           main] org.hibernate.orm.jdbc.bind              : binding parameter (4:DATE) <- [null]
2025-11-08T22:58:18.901+03:00 TRACE 4041 --- [learning-platform] [           main] org.hibernate.orm.jdbc.bind              : binding parameter (5:BOOLEAN) <- [false]
2025-11-08T22:58:18.901+03:00 TRACE 4041 --- [learning-platform] [           main] org.hibernate.orm.jdbc.bind              : binding parameter (6:NUMERIC) <- [null]
2025-11-08T22:58:18.901+03:00 TRACE 4041 --- [learning-platform] [           main] org.hibernate.orm.jdbc.bind              : binding parameter (7:DATE) <- [null]
2025-11-08T22:58:18.901+03:00 TRACE 4041 --- [learning-platform] [           main] org.hibernate.orm.jdbc.bind              : binding parameter (8:BIGINT) <- [12]
2025-11-08T22:58:18.901+03:00 TRACE 4041 --- [learning-platform] [           main] org.hibernate.orm.jdbc.bind              : binding parameter (9:VARCHAR) <- [Test Course]
2025-11-08T22:58:18.901+03:00  INFO 4041 --- [learning-platform] [           main] c.e.l.service.CourseService              : Created course with id: 5
2025-11-08T22:58:18.902+03:00  INFO 4041 --- [learning-platform] [           main] c.e.l.service.CourseService              : Published course with id: 5
]]></system-out>
  </testcase>
  <testcase name="searchCourses_ShouldReturnMatchingCourses" classname="com.example.learningplatform.config.CourseServiceIntegrationTest" time="0.009">
    <error message="The given id must not be null" type="org.springframework.dao.InvalidDataAccessApiUsageException"><![CDATA[org.springframework.dao.InvalidDataAccessApiUsageException: The given id must not be null
	at org.springframework.orm.jpa.EntityManagerFactoryUtils.convertJpaAccessExceptionIfPossible(EntityManagerFactoryUtils.java:371)
	at org.springframework.orm.jpa.vendor.HibernateJpaDialect.translateExceptionIfPossible(HibernateJpaDialect.java:246)
	at org.springframework.orm.jpa.AbstractEntityManagerFactoryBean.translateExceptionIfPossible(AbstractEntityManagerFactoryBean.java:550)
	at org.springframework.dao.support.ChainedPersistenceExceptionTranslator.translateExceptionIfPossible(ChainedPersistenceExceptionTranslator.java:61)
	at org.springframework.dao.support.DataAccessUtils.translateIfNecessary(DataAccessUtils.java:335)
	at org.springframework.dao.support.PersistenceExceptionTranslationInterceptor.invoke(PersistenceExceptionTranslationInterceptor.java:152)
	at org.springframework.aop.framework.ReflectiveMethodInvocation.proceed(ReflectiveMethodInvocation.java:184)
	at org.springframework.data.jpa.repository.support.CrudMethodMetadataPostProcessor$CrudMethodMetadataPopulatingMethodInterceptor.invoke(CrudMethodMetadataPostProcessor.java:164)
	at org.springframework.aop.framework.ReflectiveMethodInvocation.proceed(ReflectiveMethodInvocation.java:184)
	at org.springframework.aop.interceptor.ExposeInvocationInterceptor.invoke(ExposeInvocationInterceptor.java:97)
	at org.springframework.aop.framework.ReflectiveMethodInvocation.proceed(ReflectiveMethodInvocation.java:184)
	at org.springframework.aop.framework.JdkDynamicAopProxy.invoke(JdkDynamicAopProxy.java:249)
	at jdk.proxy2/jdk.proxy2.$Proxy138.findById(Unknown Source)
	at com.example.learningplatform.service.CourseService.createCourse(CourseService.java:31)
	at java.base/jdk.internal.reflect.DirectMethodHandleAccessor.invoke(DirectMethodHandleAccessor.java:103)
	at java.base/java.lang.reflect.Method.invoke(Method.java:580)
	at org.springframework.aop.support.AopUtils.invokeJoinpointUsingReflection(AopUtils.java:352)
	at org.springframework.aop.framework.ReflectiveMethodInvocation.invokeJoinpoint(ReflectiveMethodInvocation.java:196)
	at org.springframework.aop.framework.ReflectiveMethodInvocation.proceed(ReflectiveMethodInvocation.java:163)
	at org.springframework.aop.framework.CglibAopProxy$CglibMethodInvocation.proceed(CglibAopProxy.java:765)
	at org.springframework.transaction.interceptor.TransactionInterceptor$1.proceedWithInvocation(TransactionInterceptor.java:123)
	at org.springframework.transaction.interceptor.TransactionAspectSupport.invokeWithinTransaction(TransactionAspectSupport.java:385)
	at org.springframework.transaction.interceptor.TransactionInterceptor.invoke(TransactionInterceptor.java:119)
	at org.springframework.aop.framework.ReflectiveMethodInvocation.proceed(ReflectiveMethodInvocation.java:184)
	at org.springframework.aop.framework.CglibAopProxy$CglibMethodInvocation.proceed(CglibAopProxy.java:765)
	at org.springframework.aop.framework.CglibAopProxy$DynamicAdvisedInterceptor.intercept(CglibAopProxy.java:717)
	at com.example.learningplatform.service.CourseService$$SpringCGLIB$$0.createCourse(<generated>)
	at com.example.learningplatform.config.CourseServiceIntegrationTest.searchCourses_ShouldReturnMatchingCourses(CourseServiceIntegrationTest.java:108)
	at java.base/java.lang.reflect.Method.invoke(Method.java:580)
	at java.base/java.util.ArrayList.forEach(ArrayList.java:1596)
	at java.base/java.util.ArrayList.forEach(ArrayList.java:1596)
Caused by: java.lang.IllegalArgumentException: The given id must not be null
	at org.springframework.util.Assert.notNull(Assert.java:172)
	at org.springframework.data.jpa.repository.support.SimpleJpaRepository.findById(SimpleJpaRepository.java:302)
	at java.base/jdk.internal.reflect.DirectMethodHandleAccessor.invoke(DirectMethodHandleAccessor.java:103)
	at java.base/java.lang.reflect.Method.invoke(Method.java:580)
	at org.springframework.aop.support.AopUtils.invokeJoinpointUsingReflection(AopUtils.java:352)
	at org.springframework.data.repository.core.support.RepositoryMethodInvoker$RepositoryFragmentMethodInvoker.lambda$new$0(RepositoryMethodInvoker.java:277)
	at org.springframework.data.repository.core.support.RepositoryMethodInvoker.doInvoke(RepositoryMethodInvoker.java:170)
	at org.springframework.data.repository.core.support.RepositoryMethodInvoker.invoke(RepositoryMethodInvoker.java:158)
	at org.springframework.data.repository.core.support.RepositoryComposition$RepositoryFragments.invoke(RepositoryComposition.java:516)
	at org.springframework.data.repository.core.support.RepositoryComposition.invoke(RepositoryComposition.java:285)
	at org.springframework.data.repository.core.support.RepositoryFactorySupport$ImplementationMethodExecutionInterceptor.invoke(RepositoryFactorySupport.java:628)
	at org.springframework.aop.framework.ReflectiveMethodInvocation.proceed(ReflectiveMethodInvocation.java:184)
	at org.springframework.data.repository.core.support.QueryExecutorMethodInterceptor.doInvoke(QueryExecutorMethodInterceptor.java:168)
	at org.springframework.data.repository.core.support.QueryExecutorMethodInterceptor.invoke(QueryExecutorMethodInterceptor.java:143)
	at org.springframework.aop.framework.ReflectiveMethodInvocation.proceed(ReflectiveMethodInvocation.java:184)
	at org.springframework.data.projection.DefaultMethodInvokingMethodInterceptor.invoke(DefaultMethodInvokingMethodInterceptor.java:70)
	at org.springframework.aop.framework.ReflectiveMethodInvocation.proceed(ReflectiveMethodInvocation.java:184)
	at org.springframework.transaction.interceptor.TransactionInterceptor$1.proceedWithInvocation(TransactionInterceptor.java:123)
	at org.springframework.transaction.interceptor.TransactionAspectSupport.invokeWithinTransaction(TransactionAspectSupport.java:385)
	at org.springframework.transaction.interceptor.TransactionInterceptor.invoke(TransactionInterceptor.java:119)
	at org.springframework.aop.framework.ReflectiveMethodInvocation.proceed(ReflectiveMethodInvocation.java:184)
	at org.springframework.dao.support.PersistenceExceptionTranslationInterceptor.invoke(PersistenceExceptionTranslationInterceptor.java:137)
	... 25 more
]]></error>
    <system-out><![CDATA[2025-11-08T22:58:18.913+03:00 DEBUG 4041 --- [learning-platform] [           main] org.hibernate.SQL                        : 
    insert 
    into
        users
        (created_at, email, name, phone, role, id) 
    values
        (?, ?, ?, ?, ?, default)
Hibernate: 
    insert 
    into
        users
        (created_at, email, name, phone, role, id) 
    values
        (?, ?, ?, ?, ?, default)
2025-11-08T22:58:18.914+03:00 TRACE 4041 --- [learning-platform] [           main] org.hibernate.orm.jdbc.bind              : binding parameter (1:TIMESTAMP) <- [2025-11-08T22:58:18.913663]
2025-11-08T22:58:18.914+03:00 TRACE 4041 --- [learning-platform] [           main] org.hibernate.orm.jdbc.bind              : binding parameter (2:VARCHAR) <- [professor@example.com]
2025-11-08T22:58:18.914+03:00 TRACE 4041 --- [learning-platform] [           main] org.hibernate.orm.jdbc.bind              : binding parameter (3:VARCHAR) <- [Professor X]
2025-11-08T22:58:18.914+03:00 TRACE 4041 --- [learning-platform] [           main] org.hibernate.orm.jdbc.bind              : binding parameter (4:VARCHAR) <- [null]
2025-11-08T22:58:18.914+03:00 TRACE 4041 --- [learning-platform] [           main] org.hibernate.orm.jdbc.bind              : binding parameter (5:VARCHAR) <- [TEACHER]
2025-11-08T22:58:18.914+03:00 DEBUG 4041 --- [learning-platform] [           main] org.hibernate.SQL                        : 
    insert 
    into
        categories
        (description, name, id) 
    values
        (?, ?, default)
Hibernate: 
    insert 
    into
        categories
        (description, name, id) 
    values
        (?, ?, default)
2025-11-08T22:58:18.914+03:00 TRACE 4041 --- [learning-platform] [           main] org.hibernate.orm.jdbc.bind              : binding parameter (1:VARCHAR) <- [Programming courses category]
2025-11-08T22:58:18.914+03:00 TRACE 4041 --- [learning-platform] [           main] org.hibernate.orm.jdbc.bind              : binding parameter (2:VARCHAR) <- [Programming Extreem]
]]></system-out>
  </testcase>
</testsuite>