<?xml version="1.0" encoding="UTF-8"?>
<testsuite xmlns:xsi="http://www.w3.org/2001/XMLSchema-instance" xsi:noNamespaceSchemaLocation="https://maven.apache.org/surefire/maven-surefire-plugin/xsd/surefire-test-report-3.0.xsd" version="3.0" name="com.example.learningplatform.config.CourseServiceIntegrationTest" time="0.049" tests="3" errors="0" skipped="0" failures="0">
  <properties>
[...]
</properties>
  <testcase name="createCourse_ShouldCreateCourseSuccessfully" classname="com.example.learningplatform.config.CourseServiceIntegrationTest" time="0.015">
    <system-out><![CDATA[2025-11-09T00:12:04.997+03:00  INFO 7825 --- [learning-platform] [           main] t.c.s.AnnotationConfigContextLoaderUtils : Could not detect default configuration classes for test class [com.example.learningplatform.config.CourseServiceIntegrationTest]: CourseServiceIntegrationTest does not declare any static, non-private, non-final, nested classes annotated with @Configuration.
2025-11-09T00:12:04.997+03:00  INFO 7825 --- [learning-platform] [           main] .b.t.c.SpringBootTestContextBootstrapper : Found @SpringBootConfiguration com.example.learningplatform.LearningPlatformApplication for test class com.example.learningplatform.config.CourseServiceIntegrationTest
2025-11-09T00:12:05.001+03:00 DEBUG 7825 --- [learning-platform] [           main] org.hibernate.SQL                        : 
    insert 
    into
        users
        (created_at, email, name, phone, role, id) 
    values
        (?, ?, ?, ?, ?, default)
Hibernate: 
    insert 
    into
        users
        (created_at, email, name, phone, role, id) 
    values
        (?, ?, ?, ?, ?, default)
2025-11-09T00:12:05.001+03:00 TRACE 7825 --- [learning-platform] [           main] org.hibernate.orm.jdbc.bind              : binding parameter (1:TIMESTAMP) <- [2025-11-09T00:12:05.001243]
2025-11-09T00:12:05.001+03:00 TRACE 7825 --- [learning-platform] [           main] org.hibernate.orm.jdbc.bind              : binding parameter (2:VARCHAR) <- [professor@example.com]
2025-11-09T00:12:05.001+03:00 TRACE 7825 --- [learning-platform] [           main] org.hibernate.orm.jdbc.bind              : binding parameter (3:VARCHAR) <- [Professor X]
2025-11-09T00:12:05.001+03:00 TRACE 7825 --- [learning-platform] [           main] org.hibernate.orm.jdbc.bind              : binding parameter (4:VARCHAR) <- [null]
2025-11-09T00:12:05.001+03:00 TRACE 7825 --- [learning-platform] [           main] org.hibernate.orm.jdbc.bind              : binding parameter (5:VARCHAR) <- [TEACHER]
2025-11-09T00:12:05.002+03:00 DEBUG 7825 --- [learning-platform] [           main] org.hibernate.SQL                        : 
    insert 
    into
        categories
        (description, name, id) 
    values
        (?, ?, default)
Hibernate: 
    insert 
    into
        categories
        (description, name, id) 
    values
        (?, ?, default)
2025-11-09T00:12:05.002+03:00 TRACE 7825 --- [learning-platform] [           main] org.hibernate.orm.jdbc.bind              : binding parameter (1:VARCHAR) <- [Programming courses category]
2025-11-09T00:12:05.002+03:00 TRACE 7825 --- [learning-platform] [           main] org.hibernate.orm.jdbc.bind              : binding parameter (2:VARCHAR) <- [Programming Extreem]
2025-11-09T00:12:05.004+03:00 DEBUG 7825 --- [learning-platform] [           main] org.hibernate.SQL                        : 
    select
        t1_0.id,
        t1_0.name 
    from
        tags t1_0 
    where
        t1_0.name=?
Hibernate: 
    select
        t1_0.id,
        t1_0.name 
    from
        tags t1_0 
    where
        t1_0.name=?
2025-11-09T00:12:05.005+03:00 TRACE 7825 --- [learning-platform] [           main] org.hibernate.orm.jdbc.bind              : binding parameter (1:VARCHAR) <- [Java]
2025-11-09T00:12:05.008+03:00 DEBUG 7825 --- [learning-platform] [           main] org.hibernate.SQL                        : 
    select
        t1_0.id,
        t1_0.name 
    from
        tags t1_0 
    where
        t1_0.name=?
Hibernate: 
    select
        t1_0.id,
        t1_0.name 
    from
        tags t1_0 
    where
        t1_0.name=?
2025-11-09T00:12:05.008+03:00 TRACE 7825 --- [learning-platform] [           main] org.hibernate.orm.jdbc.bind              : binding parameter (1:VARCHAR) <- [Programming]
2025-11-09T00:12:05.009+03:00 DEBUG 7825 --- [learning-platform] [           main] org.hibernate.SQL                        : 
    insert 
    into
        tags
        (name, id) 
    values
        (?, default)
Hibernate: 
    insert 
    into
        tags
        (name, id) 
    values
        (?, default)
2025-11-09T00:12:05.009+03:00 TRACE 7825 --- [learning-platform] [           main] org.hibernate.orm.jdbc.bind              : binding parameter (1:VARCHAR) <- [Programming]
2025-11-09T00:12:05.010+03:00 DEBUG 7825 --- [learning-platform] [           main] org.hibernate.SQL                        : 
    select
        t1_0.id,
        t1_0.name 
    from
        tags t1_0 
    where
        t1_0.name=?
Hibernate: 
    select
        t1_0.id,
        t1_0.name 
    from
        tags t1_0 
    where
        t1_0.name=?
2025-11-09T00:12:05.010+03:00 TRACE 7825 --- [learning-platform] [           main] org.hibernate.orm.jdbc.bind              : binding parameter (1:VARCHAR) <- [Beginner]
2025-11-09T00:12:05.011+03:00 DEBUG 7825 --- [learning-platform] [           main] org.hibernate.SQL                        : 
    insert 
    into
        courses
        (category_id, description, duration, end_date, is_published, price, start_date, teacher_id, title, id) 
    values
        (?, ?, ?, ?, ?, ?, ?, ?, ?, default)
Hibernate: 
    insert 
    into
        courses
        (category_id, description, duration, end_date, is_published, price, start_date, teacher_id, title, id) 
    values
        (?, ?, ?, ?, ?, ?, ?, ?, ?, default)
2025-11-09T00:12:05.011+03:00 TRACE 7825 --- [learning-platform] [           main] org.hibernate.orm.jdbc.bind              : binding parameter (1:BIGINT) <- [4]
2025-11-09T00:12:05.011+03:00 TRACE 7825 --- [learning-platform] [           main] org.hibernate.orm.jdbc.bind              : binding parameter (2:VARCHAR) <- [Learn Java from scratch]
2025-11-09T00:12:05.011+03:00 TRACE 7825 --- [learning-platform] [           main] org.hibernate.orm.jdbc.bind              : binding parameter (3:INTEGER) <- [40]
2025-11-09T00:12:05.011+03:00 TRACE 7825 --- [learning-platform] [           main] org.hibernate.orm.jdbc.bind              : binding parameter (4:DATE) <- [2026-02-09]
2025-11-09T00:12:05.011+03:00 TRACE 7825 --- [learning-platform] [           main] org.hibernate.orm.jdbc.bind              : binding parameter (5:BOOLEAN) <- [false]
2025-11-09T00:12:05.011+03:00 TRACE 7825 --- [learning-platform] [           main] org.hibernate.orm.jdbc.bind              : binding parameter (6:NUMERIC) <- [99.99]
2025-11-09T00:12:05.011+03:00 TRACE 7825 --- [learning-platform] [           main] org.hibernate.orm.jdbc.bind              : binding parameter (7:DATE) <- [2025-11-10]
2025-11-09T00:12:05.011+03:00 TRACE 7825 --- [learning-platform] [           main] org.hibernate.orm.jdbc.bind              : binding parameter (8:BIGINT) <- [11]
2025-11-09T00:12:05.011+03:00 TRACE 7825 --- [learning-platform] [           main] org.hibernate.orm.jdbc.bind              : binding parameter (9:VARCHAR) <- [Java Programming]
2025-11-09T00:12:05.011+03:00  INFO 7825 --- [learning-platform] [           main] c.e.l.service.CourseService              : Created course with id: 4
]]></system-out>
  </testcase>
  <testcase name="publishCourse_ShouldUpdatePublishStatus" classname="com.example.learningplatform.config.CourseServiceIntegrationTest" time="0.008">
    <system-out><![CDATA[2025-11-09T00:12:05.016+03:00 DEBUG 7825 --- [learning-platform] [           main] org.hibernate.SQL                        : 
    insert 
    into
        users
        (created_at, email, name, phone, role, id) 
    values
        (?, ?, ?, ?, ?, default)
Hibernate: 
    insert 
    into
        users
        (created_at, email, name, phone, role, id) 
    values
        (?, ?, ?, ?, ?, default)
2025-11-09T00:12:05.016+03:00 TRACE 7825 --- [learning-platform] [           main] org.hibernate.orm.jdbc.bind              : binding parameter (1:TIMESTAMP) <- [2025-11-09T00:12:05.015897]
2025-11-09T00:12:05.016+03:00 TRACE 7825 --- [learning-platform] [           main] org.hibernate.orm.jdbc.bind              : binding parameter (2:VARCHAR) <- [professor@example.com]
2025-11-09T00:12:05.016+03:00 TRACE 7825 --- [learning-platform] [           main] org.hibernate.orm.jdbc.bind              : binding parameter (3:VARCHAR) <- [Professor X]
2025-11-09T00:12:05.016+03:00 TRACE 7825 --- [learning-platform] [           main] org.hibernate.orm.jdbc.bind              : binding parameter (4:VARCHAR) <- [null]
2025-11-09T00:12:05.016+03:00 TRACE 7825 --- [learning-platform] [           main] org.hibernate.orm.jdbc.bind              : binding parameter (5:VARCHAR) <- [TEACHER]
2025-11-09T00:12:05.016+03:00 DEBUG 7825 --- [learning-platform] [           main] org.hibernate.SQL                        : 
    insert 
    into
        categories
        (description, name, id) 
    values
        (?, ?, default)
Hibernate: 
    insert 
    into
        categories
        (description, name, id) 
    values
        (?, ?, default)
2025-11-09T00:12:05.016+03:00 TRACE 7825 --- [learning-platform] [           main] org.hibernate.orm.jdbc.bind              : binding parameter (1:VARCHAR) <- [Programming courses category]
2025-11-09T00:12:05.017+03:00 TRACE 7825 --- [learning-platform] [           main] org.hibernate.orm.jdbc.bind              : binding parameter (2:VARCHAR) <- [Programming Extreem]
2025-11-09T00:12:05.017+03:00 DEBUG 7825 --- [learning-platform] [           main] org.hibernate.SQL                        : 
    insert 
    into
        courses
        (category_id, description, duration, end_date, is_published, price, start_date, teacher_id, title, id) 
    values
        (?, ?, ?, ?, ?, ?, ?, ?, ?, default)
Hibernate: 
    insert 
    into
        courses
        (category_id, description, duration, end_date, is_published, price, start_date, teacher_id, title, id) 
    values
        (?, ?, ?, ?, ?, ?, ?, ?, ?, default)
2025-11-09T00:12:05.017+03:00 TRACE 7825 --- [learning-platform] [           main] org.hibernate.orm.jdbc.bind              : binding parameter (1:BIGINT) <- [5]
2025-11-09T00:12:05.017+03:00 TRACE 7825 --- [learning-platform] [           main] org.hibernate.orm.jdbc.bind              : binding parameter (2:VARCHAR) <- [Test Description]
2025-11-09T00:12:05.017+03:00 TRACE 7825 --- [learning-platform] [           main] org.hibernate.orm.jdbc.bind              : binding parameter (3:INTEGER) <- [null]
2025-11-09T00:12:05.017+03:00 TRACE 7825 --- [learning-platform] [           main] org.hibernate.orm.jdbc.bind              : binding parameter (4:DATE) <- [null]
2025-11-09T00:12:05.017+03:00 TRACE 7825 --- [learning-platform] [           main] org.hibernate.orm.jdbc.bind              : binding parameter (5:BOOLEAN) <- [false]
2025-11-09T00:12:05.017+03:00 TRACE 7825 --- [learning-platform] [           main] org.hibernate.orm.jdbc.bind              : binding parameter (6:NUMERIC) <- [null]
2025-11-09T00:12:05.017+03:00 TRACE 7825 --- [learning-platform] [           main] org.hibernate.orm.jdbc.bind              : binding parameter (7:DATE) <- [null]
2025-11-09T00:12:05.017+03:00 TRACE 7825 --- [learning-platform] [           main] org.hibernate.orm.jdbc.bind              : binding parameter (8:BIGINT) <- [12]
2025-11-09T00:12:05.017+03:00 TRACE 7825 --- [learning-platform] [           main] org.hibernate.orm.jdbc.bind              : binding parameter (9:VARCHAR) <- [Test Course]
2025-11-09T00:12:05.018+03:00  INFO 7825 --- [learning-platform] [           main] c.e.l.service.CourseService              : Created course with id: 5
2025-11-09T00:12:05.018+03:00  INFO 7825 --- [learning-platform] [           main] c.e.l.service.CourseService              : Published course with id: 5
]]></system-out>
  </testcase>
  <testcase name="searchCourses_ShouldReturnMatchingCourses" classname="com.example.learningplatform.config.CourseServiceIntegrationTest" time="0.014">
    <system-out><![CDATA[2025-11-09T00:12:05.032+03:00 DEBUG 7825 --- [learning-platform] [           main] org.hibernate.SQL                        : 
    insert 
    into
        users
        (created_at, email, name, phone, role, id) 
    values
        (?, ?, ?, ?, ?, default)
Hibernate: 
    insert 
    into
        users
        (created_at, email, name, phone, role, id) 
    values
        (?, ?, ?, ?, ?, default)
2025-11-09T00:12:05.032+03:00 TRACE 7825 --- [learning-platform] [           main] org.hibernate.orm.jdbc.bind              : binding parameter (1:TIMESTAMP) <- [2025-11-09T00:12:05.031838]
2025-11-09T00:12:05.032+03:00 TRACE 7825 --- [learning-platform] [           main] org.hibernate.orm.jdbc.bind              : binding parameter (2:VARCHAR) <- [professor@example.com]
2025-11-09T00:12:05.032+03:00 TRACE 7825 --- [learning-platform] [           main] org.hibernate.orm.jdbc.bind              : binding parameter (3:VARCHAR) <- [Professor X]
2025-11-09T00:12:05.032+03:00 TRACE 7825 --- [learning-platform] [           main] org.hibernate.orm.jdbc.bind              : binding parameter (4:VARCHAR) <- [null]
2025-11-09T00:12:05.032+03:00 TRACE 7825 --- [learning-platform] [           main] org.hibernate.orm.jdbc.bind              : binding parameter (5:VARCHAR) <- [TEACHER]
2025-11-09T00:12:05.032+03:00 DEBUG 7825 --- [learning-platform] [           main] org.hibernate.SQL                        : 
    insert 
    into
        categories
        (description, name, id) 
    values
        (?, ?, default)
Hibernate: 
    insert 
    into
        categories
        (description, name, id) 
    values
        (?, ?, default)
2025-11-09T00:12:05.033+03:00 TRACE 7825 --- [learning-platform] [           main] org.hibernate.orm.jdbc.bind              : binding parameter (1:VARCHAR) <- [Programming courses category]
2025-11-09T00:12:05.033+03:00 TRACE 7825 --- [learning-platform] [           main] org.hibernate.orm.jdbc.bind              : binding parameter (2:VARCHAR) <- [Programming Extreem]
2025-11-09T00:12:05.034+03:00 DEBUG 7825 --- [learning-platform] [           main] org.hibernate.SQL                        : 
    insert 
    into
        courses
        (category_id, description, duration, end_date, is_published, price, start_date, teacher_id, title, id) 
    values
        (?, ?, ?, ?, ?, ?, ?, ?, ?, default)
Hibernate: 
    insert 
    into
        courses
        (category_id, description, duration, end_date, is_published, price, start_date, teacher_id, title, id) 
    values
        (?, ?, ?, ?, ?, ?, ?, ?, ?, default)
2025-11-09T00:12:05.035+03:00 TRACE 7825 --- [learning-platform] [           main] org.hibernate.orm.jdbc.bind              : binding parameter (1:BIGINT) <- [6]
2025-11-09T00:12:05.035+03:00 TRACE 7825 --- [learning-platform] [           main] org.hibernate.orm.jdbc.bind              : binding parameter (2:VARCHAR) <- [Advanced Java programming]
2025-11-09T00:12:05.035+03:00 TRACE 7825 --- [learning-platform] [           main] org.hibernate.orm.jdbc.bind              : binding parameter (3:INTEGER) <- [null]
2025-11-09T00:12:05.035+03:00 TRACE 7825 --- [learning-platform] [           main] org.hibernate.orm.jdbc.bind              : binding parameter (4:DATE) <- [null]
2025-11-09T00:12:05.035+03:00 TRACE 7825 --- [learning-platform] [           main] org.hibernate.orm.jdbc.bind              : binding parameter (5:BOOLEAN) <- [false]
2025-11-09T00:12:05.035+03:00 TRACE 7825 --- [learning-platform] [           main] org.hibernate.orm.jdbc.bind              : binding parameter (6:NUMERIC) <- [null]
2025-11-09T00:12:05.035+03:00 TRACE 7825 --- [learning-platform] [           main] org.hibernate.orm.jdbc.bind              : binding parameter (7:DATE) <- [null]
2025-11-09T00:12:05.035+03:00 TRACE 7825 --- [learning-platform] [           main] org.hibernate.orm.jdbc.bind              : binding parameter (8:BIGINT) <- [13]
2025-11-09T00:12:05.035+03:00 TRACE 7825 --- [learning-platform] [           main] org.hibernate.orm.jdbc.bind              : binding parameter (9:VARCHAR) <- [TestSearch_1762636325033 Java Advanced]
2025-11-09T00:12:05.035+03:00  INFO 7825 --- [learning-platform] [           main] c.e.l.service.CourseService              : Created course with id: 6
2025-11-09T00:12:05.035+03:00 DEBUG 7825 --- [learning-platform] [           main] org.hibernate.SQL                        : 
    insert 
    into
        courses
        (category_id, description, duration, end_date, is_published, price, start_date, teacher_id, title, id) 
    values
        (?, ?, ?, ?, ?, ?, ?, ?, ?, default)
Hibernate: 
    insert 
    into
        courses
        (category_id, description, duration, end_date, is_published, price, start_date, teacher_id, title, id) 
    values
        (?, ?, ?, ?, ?, ?, ?, ?, ?, default)
2025-11-09T00:12:05.036+03:00 TRACE 7825 --- [learning-platform] [           main] org.hibernate.orm.jdbc.bind              : binding parameter (1:BIGINT) <- [6]
2025-11-09T00:12:05.036+03:00 TRACE 7825 --- [learning-platform] [           main] org.hibernate.orm.jdbc.bind              : binding parameter (2:VARCHAR) <- [Learn Python programming]
2025-11-09T00:12:05.036+03:00 TRACE 7825 --- [learning-platform] [           main] org.hibernate.orm.jdbc.bind              : binding parameter (3:INTEGER) <- [null]
2025-11-09T00:12:05.036+03:00 TRACE 7825 --- [learning-platform] [           main] org.hibernate.orm.jdbc.bind              : binding parameter (4:DATE) <- [null]
2025-11-09T00:12:05.036+03:00 TRACE 7825 --- [learning-platform] [           main] org.hibernate.orm.jdbc.bind              : binding parameter (5:BOOLEAN) <- [false]
2025-11-09T00:12:05.036+03:00 TRACE 7825 --- [learning-platform] [           main] org.hibernate.orm.jdbc.bind              : binding parameter (6:NUMERIC) <- [null]
2025-11-09T00:12:05.036+03:00 TRACE 7825 --- [learning-platform] [           main] org.hibernate.orm.jdbc.bind              : binding parameter (7:DATE) <- [null]
2025-11-09T00:12:05.036+03:00 TRACE 7825 --- [learning-platform] [           main] org.hibernate.orm.jdbc.bind              : binding parameter (8:BIGINT) <- [13]
2025-11-09T00:12:05.036+03:00 TRACE 7825 --- [learning-platform] [           main] org.hibernate.orm.jdbc.bind              : binding parameter (9:VARCHAR) <- [TestSearch_1762636325033 Python Basics]
2025-11-09T00:12:05.036+03:00  INFO 7825 --- [learning-platform] [           main] c.e.l.service.CourseService              : Created course with id: 7
2025-11-09T00:12:05.041+03:00 DEBUG 7825 --- [learning-platform] [           main] org.hibernate.SQL                        : 
    select
        c1_0.id,
        c1_0.category_id,
        c1_0.description,
        c1_0.duration,
        c1_0.end_date,
        c1_0.is_published,
        c1_0.price,
        c1_0.start_date,
        c1_0.teacher_id,
        c1_0.title 
    from
        courses c1_0 
    where
        lower(c1_0.title) like lower(('%'||?||'%')) escape '' 
        or lower(c1_0.description) like lower(('%'||?||'%')) escape ''
Hibernate: 
    select
        c1_0.id,
        c1_0.category_id,
        c1_0.description,
        c1_0.duration,
        c1_0.end_date,
        c1_0.is_published,
        c1_0.price,
        c1_0.start_date,
        c1_0.teacher_id,
        c1_0.title 
    from
        courses c1_0 
    where
        lower(c1_0.title) like lower(('%'||?||'%')) escape '' 
        or lower(c1_0.description) like lower(('%'||?||'%')) escape ''
2025-11-09T00:12:05.042+03:00 TRACE 7825 --- [learning-platform] [           main] org.hibernate.orm.jdbc.bind              : binding parameter (1:VARCHAR) <- [TestSearch_1762636325033 Java]
2025-11-09T00:12:05.042+03:00 TRACE 7825 --- [learning-platform] [           main] org.hibernate.orm.jdbc.bind              : binding parameter (2:VARCHAR) <- [TestSearch_1762636325033 Java]
]]></system-out>
  </testcase>
</testsuite>